{"D:\\Academia\\Eighth Semester\\Software Testing\\NotesIQ\\NoteIQ\\backend\\db2.js": {"path":"D:\\Academia\\Eighth Semester\\Software Testing\\NotesIQ\\NoteIQ\\backend\\db2.js","statementMap":{"0":{"start":{"line":1,"column":17},"end":{"line":1,"column":30}},"1":{"start":{"line":2,"column":0},"end":{"line":2,"column":27}},"2":{"start":{"line":3,"column":15},"end":{"line":3,"column":40}},"3":{"start":{"line":6,"column":13},"end":{"line":11,"column":2}},"4":{"start":{"line":13,"column":0},"end":{"line":13,"column":22}},"5":{"start":{"line":16,"column":0},"end":{"line":31,"column":5}},"6":{"start":{"line":18,"column":4},"end":{"line":27,"column":9}},"7":{"start":{"line":21,"column":8},"end":{"line":21,"column":64}},"8":{"start":{"line":22,"column":8},"end":{"line":22,"column":25}},"9":{"start":{"line":25,"column":8},"end":{"line":25,"column":25}},"10":{"start":{"line":26,"column":8},"end":{"line":26,"column":65}},"11":{"start":{"line":30,"column":4},"end":{"line":30,"column":61}}},"fnMap":{"0":{"name":"(anonymous_0)","decl":{"start":{"line":17,"column":8},"end":{"line":17,"column":9}},"loc":{"start":{"line":17,"column":18},"end":{"line":28,"column":3}},"line":17},"1":{"name":"(anonymous_1)","decl":{"start":{"line":20,"column":12},"end":{"line":20,"column":13}},"loc":{"start":{"line":20,"column":19},"end":{"line":23,"column":7}},"line":20},"2":{"name":"(anonymous_2)","decl":{"start":{"line":24,"column":13},"end":{"line":24,"column":14}},"loc":{"start":{"line":24,"column":20},"end":{"line":27,"column":7}},"line":24},"3":{"name":"(anonymous_3)","decl":{"start":{"line":29,"column":9},"end":{"line":29,"column":10}},"loc":{"start":{"line":29,"column":16},"end":{"line":31,"column":3}},"line":29}},"branchMap":{},"s":{"0":3,"1":3,"2":3,"3":3,"4":3,"5":3,"6":0,"7":0,"8":0,"9":0,"10":0,"11":0},"f":{"0":0,"1":0,"2":0,"3":0},"b":{},"_coverageSchema":"1a1c01bbd47fc00a2c39e90264f33305004495a9","hash":"cfafa6498b7410fb40227cd131a384850004421a"}
,"D:\\Academia\\Eighth Semester\\Software Testing\\NotesIQ\\NoteIQ\\backend\\index.js": {"path":"D:\\Academia\\Eighth Semester\\Software Testing\\NotesIQ\\NoteIQ\\backend\\index.js","statementMap":{"0":{"start":{"line":1,"column":16},"end":{"line":1,"column":34}},"1":{"start":{"line":2,"column":13},"end":{"line":2,"column":28}},"2":{"start":{"line":3,"column":0},"end":{"line":3,"column":27}},"3":{"start":{"line":4,"column":15},"end":{"line":4,"column":40}},"4":{"start":{"line":6,"column":19},"end":{"line":6,"column":43}},"5":{"start":{"line":7,"column":19},"end":{"line":7,"column":44}},"6":{"start":{"line":8,"column":22},"end":{"line":8,"column":49}},"7":{"start":{"line":9,"column":19},"end":{"line":9,"column":44}},"8":{"start":{"line":11,"column":12},"end":{"line":11,"column":21}},"9":{"start":{"line":13,"column":0},"end":{"line":13,"column":16}},"10":{"start":{"line":14,"column":0},"end":{"line":14,"column":40}},"11":{"start":{"line":16,"column":0},"end":{"line":16,"column":29}},"12":{"start":{"line":17,"column":0},"end":{"line":17,"column":29}},"13":{"start":{"line":18,"column":0},"end":{"line":18,"column":32}},"14":{"start":{"line":19,"column":0},"end":{"line":19,"column":29}},"15":{"start":{"line":22,"column":13},"end":{"line":22,"column":37}},"16":{"start":{"line":24,"column":0},"end":{"line":28,"column":1}},"17":{"start":{"line":25,"column":2},"end":{"line":27,"column":5}},"18":{"start":{"line":26,"column":4},"end":{"line":26,"column":59}},"19":{"start":{"line":30,"column":0},"end":{"line":30,"column":21}}},"fnMap":{"0":{"name":"(anonymous_0)","decl":{"start":{"line":25,"column":19},"end":{"line":25,"column":20}},"loc":{"start":{"line":25,"column":25},"end":{"line":27,"column":3}},"line":25}},"branchMap":{"0":{"loc":{"start":{"line":22,"column":13},"end":{"line":22,"column":37}},"type":"binary-expr","locations":[{"start":{"line":22,"column":13},"end":{"line":22,"column":29}},{"start":{"line":22,"column":33},"end":{"line":22,"column":37}}],"line":22},"1":{"loc":{"start":{"line":24,"column":0},"end":{"line":28,"column":1}},"type":"if","locations":[{"start":{"line":24,"column":0},"end":{"line":28,"column":1}},{"start":{},"end":{}}],"line":24}},"s":{"0":1,"1":1,"2":1,"3":1,"4":1,"5":1,"6":1,"7":1,"8":1,"9":1,"10":1,"11":1,"12":1,"13":1,"14":1,"15":1,"16":1,"17":0,"18":0,"19":1},"f":{"0":0},"b":{"0":[1,1],"1":[0,1]},"_coverageSchema":"1a1c01bbd47fc00a2c39e90264f33305004495a9","hash":"1880de4e20b768b9949facda3a96358923aaafac"}
,"D:\\Academia\\Eighth Semester\\Software Testing\\NotesIQ\\NoteIQ\\backend\\mail.js": {"path":"D:\\Academia\\Eighth Semester\\Software Testing\\NotesIQ\\NoteIQ\\backend\\mail.js","statementMap":{"0":{"start":{"line":1,"column":19},"end":{"line":1,"column":40}},"1":{"start":{"line":3,"column":0},"end":{"line":3,"column":27}},"2":{"start":{"line":6,"column":20},"end":{"line":12,"column":2}},"3":{"start":{"line":14,"column":0},"end":{"line":14,"column":29}}},"fnMap":{},"branchMap":{},"s":{"0":1,"1":1,"2":1,"3":1},"f":{},"b":{},"_coverageSchema":"1a1c01bbd47fc00a2c39e90264f33305004495a9","hash":"1ef381ee71eb5059045d03c66255c194864fd815"}
,"D:\\Academia\\Eighth Semester\\Software Testing\\NotesIQ\\NoteIQ\\backend\\controllers\\authController.js": {"path":"D:\\Academia\\Eighth Semester\\Software Testing\\NotesIQ\\NoteIQ\\backend\\controllers\\authController.js","statementMap":{"0":{"start":{"line":1,"column":15},"end":{"line":1,"column":32}},"1":{"start":{"line":2,"column":18},"end":{"line":2,"column":48}},"2":{"start":{"line":3,"column":22},"end":{"line":3,"column":45}},"3":{"start":{"line":6,"column":15},"end":{"line":6,"column":32}},"4":{"start":{"line":7,"column":20},"end":{"line":7,"column":38}},"5":{"start":{"line":10,"column":15},"end":{"line":10,"column":41}},"6":{"start":{"line":12,"column":15},"end":{"line":106,"column":1}},"7":{"start":{"line":13,"column":40},"end":{"line":13,"column":48}},"8":{"start":{"line":15,"column":2},"end":{"line":19,"column":3}},"9":{"start":{"line":16,"column":4},"end":{"line":18,"column":70}},"10":{"start":{"line":21,"column":2},"end":{"line":105,"column":3}},"11":{"start":{"line":22,"column":29},"end":{"line":22,"column":73}},"12":{"start":{"line":23,"column":4},"end":{"line":25,"column":5}},"13":{"start":{"line":24,"column":6},"end":{"line":24,"column":75}},"14":{"start":{"line":27,"column":26},"end":{"line":27,"column":64}},"15":{"start":{"line":28,"column":4},"end":{"line":30,"column":5}},"16":{"start":{"line":29,"column":6},"end":{"line":29,"column":77}},"17":{"start":{"line":33,"column":27},"end":{"line":33,"column":58}},"18":{"start":{"line":35,"column":18},"end":{"line":35,"column":56}},"19":{"start":{"line":37,"column":20},"end":{"line":42,"column":5}},"20":{"start":{"line":45,"column":4},"end":{"line":101,"column":5}},"21":{"start":{"line":46,"column":30},"end":{"line":46,"column":74}},"22":{"start":{"line":48,"column":26},"end":{"line":75,"column":7}},"23":{"start":{"line":77,"column":6},"end":{"line":77,"column":46}},"24":{"start":{"line":78,"column":6},"end":{"line":78,"column":99}},"25":{"start":{"line":80,"column":6},"end":{"line":87,"column":9}},"26":{"start":{"line":90,"column":6},"end":{"line":90,"column":53}},"27":{"start":{"line":91,"column":6},"end":{"line":91,"column":111}},"28":{"start":{"line":93,"column":6},"end":{"line":100,"column":9}},"29":{"start":{"line":103,"column":4},"end":{"line":103,"column":49}},"30":{"start":{"line":104,"column":4},"end":{"line":104,"column":61}},"31":{"start":{"line":107,"column":20},"end":{"line":121,"column":1}},"32":{"start":{"line":108,"column":20},"end":{"line":108,"column":30}},"33":{"start":{"line":110,"column":15},"end":{"line":110,"column":65}},"34":{"start":{"line":112,"column":2},"end":{"line":114,"column":3}},"35":{"start":{"line":113,"column":4},"end":{"line":113,"column":72}},"36":{"start":{"line":116,"column":2},"end":{"line":116,"column":46}},"37":{"start":{"line":118,"column":2},"end":{"line":118,"column":66}},"38":{"start":{"line":120,"column":2},"end":{"line":120,"column":72}},"39":{"start":{"line":124,"column":14},"end":{"line":167,"column":1}},"40":{"start":{"line":125,"column":40},"end":{"line":125,"column":48}},"41":{"start":{"line":128,"column":2},"end":{"line":132,"column":3}},"42":{"start":{"line":129,"column":4},"end":{"line":131,"column":68}},"43":{"start":{"line":135,"column":15},"end":{"line":135,"column":73}},"44":{"start":{"line":136,"column":2},"end":{"line":138,"column":3}},"45":{"start":{"line":137,"column":4},"end":{"line":137,"column":67}},"46":{"start":{"line":140,"column":2},"end":{"line":142,"column":3}},"47":{"start":{"line":141,"column":4},"end":{"line":141,"column":66}},"48":{"start":{"line":145,"column":18},"end":{"line":145,"column":68}},"49":{"start":{"line":146,"column":2},"end":{"line":148,"column":3}},"50":{"start":{"line":147,"column":4},"end":{"line":147,"column":61}},"51":{"start":{"line":150,"column":2},"end":{"line":150,"column":43}},"52":{"start":{"line":152,"column":16},"end":{"line":152,"column":38}},"53":{"start":{"line":154,"column":2},"end":{"line":154,"column":55}},"54":{"start":{"line":157,"column":2},"end":{"line":166,"column":5}},"55":{"start":{"line":169,"column":0},"end":{"line":173,"column":2}}},"fnMap":{"0":{"name":"(anonymous_0)","decl":{"start":{"line":12,"column":15},"end":{"line":12,"column":16}},"loc":{"start":{"line":12,"column":35},"end":{"line":106,"column":1}},"line":12},"1":{"name":"(anonymous_1)","decl":{"start":{"line":107,"column":20},"end":{"line":107,"column":21}},"loc":{"start":{"line":107,"column":40},"end":{"line":121,"column":1}},"line":107},"2":{"name":"(anonymous_2)","decl":{"start":{"line":124,"column":14},"end":{"line":124,"column":15}},"loc":{"start":{"line":124,"column":34},"end":{"line":167,"column":1}},"line":124}},"branchMap":{"0":{"loc":{"start":{"line":15,"column":2},"end":{"line":19,"column":3}},"type":"if","locations":[{"start":{"line":15,"column":2},"end":{"line":19,"column":3}},{"start":{},"end":{}}],"line":15},"1":{"loc":{"start":{"line":15,"column":6},"end":{"line":15,"column":38}},"type":"binary-expr","locations":[{"start":{"line":15,"column":6},"end":{"line":15,"column":15}},{"start":{"line":15,"column":19},"end":{"line":15,"column":25}},{"start":{"line":15,"column":29},"end":{"line":15,"column":38}}],"line":15},"2":{"loc":{"start":{"line":23,"column":4},"end":{"line":25,"column":5}},"type":"if","locations":[{"start":{"line":23,"column":4},"end":{"line":25,"column":5}},{"start":{},"end":{}}],"line":23},"3":{"loc":{"start":{"line":28,"column":4},"end":{"line":30,"column":5}},"type":"if","locations":[{"start":{"line":28,"column":4},"end":{"line":30,"column":5}},{"start":{},"end":{}}],"line":28},"4":{"loc":{"start":{"line":45,"column":4},"end":{"line":101,"column":5}},"type":"if","locations":[{"start":{"line":45,"column":4},"end":{"line":101,"column":5}},{"start":{"line":88,"column":11},"end":{"line":101,"column":5}}],"line":45},"5":{"loc":{"start":{"line":45,"column":8},"end":{"line":45,"column":56}},"type":"binary-expr","locations":[{"start":{"line":45,"column":8},"end":{"line":45,"column":30}},{"start":{"line":45,"column":34},"end":{"line":45,"column":56}}],"line":45},"6":{"loc":{"start":{"line":112,"column":2},"end":{"line":114,"column":3}},"type":"if","locations":[{"start":{"line":112,"column":2},"end":{"line":114,"column":3}},{"start":{},"end":{}}],"line":112},"7":{"loc":{"start":{"line":128,"column":2},"end":{"line":132,"column":3}},"type":"if","locations":[{"start":{"line":128,"column":2},"end":{"line":132,"column":3}},{"start":{},"end":{}}],"line":128},"8":{"loc":{"start":{"line":128,"column":6},"end":{"line":128,"column":35}},"type":"binary-expr","locations":[{"start":{"line":128,"column":6},"end":{"line":128,"column":22}},{"start":{"line":128,"column":26},"end":{"line":128,"column":35}}],"line":128},"9":{"loc":{"start":{"line":136,"column":2},"end":{"line":138,"column":3}},"type":"if","locations":[{"start":{"line":136,"column":2},"end":{"line":138,"column":3}},{"start":{},"end":{}}],"line":136},"10":{"loc":{"start":{"line":140,"column":2},"end":{"line":142,"column":3}},"type":"if","locations":[{"start":{"line":140,"column":2},"end":{"line":142,"column":3}},{"start":{},"end":{}}],"line":140},"11":{"loc":{"start":{"line":146,"column":2},"end":{"line":148,"column":3}},"type":"if","locations":[{"start":{"line":146,"column":2},"end":{"line":148,"column":3}},{"start":{},"end":{}}],"line":146}},"s":{"0":1,"1":1,"2":1,"3":1,"4":1,"5":1,"6":1,"7":4,"8":4,"9":1,"10":3,"11":3,"12":3,"13":1,"14":2,"15":2,"16":1,"17":1,"18":1,"19":1,"20":1,"21":1,"22":1,"23":1,"24":1,"25":1,"26":0,"27":0,"28":0,"29":0,"30":0,"31":1,"32":0,"33":0,"34":0,"35":0,"36":0,"37":0,"38":0,"39":1,"40":0,"41":0,"42":0,"43":0,"44":0,"45":0,"46":0,"47":0,"48":0,"49":0,"50":0,"51":0,"52":0,"53":0,"54":0,"55":1},"f":{"0":4,"1":0,"2":0},"b":{"0":[1,3],"1":[4,3,3],"2":[1,2],"3":[1,1],"4":[1,0],"5":[1,1],"6":[0,0],"7":[0,0],"8":[0,0],"9":[0,0],"10":[0,0],"11":[0,0]},"_coverageSchema":"1a1c01bbd47fc00a2c39e90264f33305004495a9","hash":"75e273219b497ebb97d7ccdcbae1979b00d96df8"}
,"D:\\Academia\\Eighth Semester\\Software Testing\\NotesIQ\\NoteIQ\\backend\\controllers\\notesController.js": {"path":"D:\\Academia\\Eighth Semester\\Software Testing\\NotesIQ\\NoteIQ\\backend\\controllers\\notesController.js","statementMap":{"0":{"start":{"line":1,"column":19},"end":{"line":1,"column":50}},"1":{"start":{"line":2,"column":15},"end":{"line":2,"column":41}},"2":{"start":{"line":4,"column":26},"end":{"line":34,"column":1}},"3":{"start":{"line":5,"column":21},"end":{"line":5,"column":31}},"4":{"start":{"line":6,"column":26},"end":{"line":6,"column":34}},"5":{"start":{"line":7,"column":17},"end":{"line":7,"column":32}},"6":{"start":{"line":9,"column":2},"end":{"line":13,"column":3}},"7":{"start":{"line":10,"column":4},"end":{"line":12,"column":64}},"8":{"start":{"line":14,"column":2},"end":{"line":33,"column":3}},"9":{"start":{"line":15,"column":24},"end":{"line":19,"column":5}},"10":{"start":{"line":21,"column":4},"end":{"line":24,"column":5}},"11":{"start":{"line":22,"column":6},"end":{"line":22,"column":78}},"12":{"start":{"line":23,"column":6},"end":{"line":23,"column":63}},"13":{"start":{"line":26,"column":4},"end":{"line":26,"column":73}},"14":{"start":{"line":27,"column":4},"end":{"line":29,"column":7}},"15":{"start":{"line":31,"column":4},"end":{"line":31,"column":73}},"16":{"start":{"line":32,"column":4},"end":{"line":32,"column":62}},"17":{"start":{"line":36,"column":23},"end":{"line":68,"column":1}},"18":{"start":{"line":37,"column":21},"end":{"line":37,"column":31}},"19":{"start":{"line":38,"column":23},"end":{"line":38,"column":31}},"20":{"start":{"line":39,"column":17},"end":{"line":39,"column":32}},"21":{"start":{"line":41,"column":2},"end":{"line":45,"column":3}},"22":{"start":{"line":42,"column":4},"end":{"line":44,"column":64}},"23":{"start":{"line":46,"column":2},"end":{"line":67,"column":3}},"24":{"start":{"line":47,"column":24},"end":{"line":51,"column":5}},"25":{"start":{"line":53,"column":4},"end":{"line":56,"column":5}},"26":{"start":{"line":54,"column":6},"end":{"line":54,"column":75}},"27":{"start":{"line":55,"column":6},"end":{"line":55,"column":63}},"28":{"start":{"line":57,"column":4},"end":{"line":60,"column":6}},"29":{"start":{"line":61,"column":4},"end":{"line":63,"column":7}},"30":{"start":{"line":65,"column":4},"end":{"line":65,"column":70}},"31":{"start":{"line":66,"column":4},"end":{"line":66,"column":62}},"32":{"start":{"line":70,"column":23},"end":{"line":87,"column":1}},"33":{"start":{"line":71,"column":21},"end":{"line":71,"column":31}},"34":{"start":{"line":72,"column":17},"end":{"line":72,"column":32}},"35":{"start":{"line":74,"column":2},"end":{"line":86,"column":3}},"36":{"start":{"line":75,"column":20},"end":{"line":75,"column":69}},"37":{"start":{"line":77,"column":4},"end":{"line":80,"column":5}},"38":{"start":{"line":78,"column":6},"end":{"line":78,"column":78}},"39":{"start":{"line":79,"column":6},"end":{"line":79,"column":63}},"40":{"start":{"line":81,"column":4},"end":{"line":81,"column":73}},"41":{"start":{"line":82,"column":4},"end":{"line":82,"column":34}},"42":{"start":{"line":84,"column":4},"end":{"line":84,"column":73}},"43":{"start":{"line":85,"column":4},"end":{"line":85,"column":62}},"44":{"start":{"line":89,"column":24},"end":{"line":111,"column":1}},"45":{"start":{"line":90,"column":17},"end":{"line":90,"column":32}},"46":{"start":{"line":92,"column":2},"end":{"line":110,"column":3}},"47":{"start":{"line":93,"column":21},"end":{"line":93,"column":66}},"48":{"start":{"line":95,"column":27},"end":{"line":100,"column":7}},"49":{"start":{"line":95,"column":51},"end":{"line":100,"column":5}},"50":{"start":{"line":102,"column":4},"end":{"line":105,"column":6}},"51":{"start":{"line":106,"column":4},"end":{"line":106,"column":41}},"52":{"start":{"line":108,"column":4},"end":{"line":108,"column":63}},"53":{"start":{"line":109,"column":4},"end":{"line":109,"column":62}},"54":{"start":{"line":113,"column":22},"end":{"line":130,"column":1}},"55":{"start":{"line":114,"column":17},"end":{"line":114,"column":32}},"56":{"start":{"line":115,"column":2},"end":{"line":129,"column":3}},"57":{"start":{"line":116,"column":23},"end":{"line":116,"column":58}},"58":{"start":{"line":118,"column":17},"end":{"line":123,"column":5}},"59":{"start":{"line":124,"column":4},"end":{"line":124,"column":61}},"60":{"start":{"line":125,"column":4},"end":{"line":125,"column":31}},"61":{"start":{"line":127,"column":4},"end":{"line":127,"column":61}},"62":{"start":{"line":128,"column":4},"end":{"line":128,"column":62}},"63":{"start":{"line":132,"column":19},"end":{"line":148,"column":1}},"64":{"start":{"line":133,"column":21},"end":{"line":133,"column":31}},"65":{"start":{"line":134,"column":17},"end":{"line":134,"column":32}},"66":{"start":{"line":136,"column":2},"end":{"line":147,"column":3}},"67":{"start":{"line":137,"column":23},"end":{"line":137,"column":66}},"68":{"start":{"line":139,"column":4},"end":{"line":139,"column":52}},"69":{"start":{"line":140,"column":4},"end":{"line":143,"column":7}},"70":{"start":{"line":145,"column":4},"end":{"line":145,"column":65}},"71":{"start":{"line":146,"column":4},"end":{"line":146,"column":62}},"72":{"start":{"line":150,"column":36},"end":{"line":182,"column":1}},"73":{"start":{"line":151,"column":17},"end":{"line":151,"column":32}},"74":{"start":{"line":158,"column":6},"end":{"line":158,"column":15}},"75":{"start":{"line":160,"column":17},"end":{"line":160,"column":35}},"76":{"start":{"line":162,"column":2},"end":{"line":181,"column":3}},"77":{"start":{"line":163,"column":18},"end":{"line":169,"column":6}},"78":{"start":{"line":171,"column":23},"end":{"line":171,"column":74}},"79":{"start":{"line":173,"column":4},"end":{"line":178,"column":7}},"80":{"start":{"line":180,"column":4},"end":{"line":180,"column":62}},"81":{"start":{"line":185,"column":0},"end":{"line":193,"column":2}}},"fnMap":{"0":{"name":"(anonymous_0)","decl":{"start":{"line":4,"column":26},"end":{"line":4,"column":27}},"loc":{"start":{"line":4,"column":46},"end":{"line":34,"column":1}},"line":4},"1":{"name":"(anonymous_1)","decl":{"start":{"line":36,"column":23},"end":{"line":36,"column":24}},"loc":{"start":{"line":36,"column":43},"end":{"line":68,"column":1}},"line":36},"2":{"name":"(anonymous_2)","decl":{"start":{"line":70,"column":23},"end":{"line":70,"column":24}},"loc":{"start":{"line":70,"column":43},"end":{"line":87,"column":1}},"line":70},"3":{"name":"(anonymous_3)","decl":{"start":{"line":89,"column":24},"end":{"line":89,"column":25}},"loc":{"start":{"line":89,"column":44},"end":{"line":111,"column":1}},"line":89},"4":{"name":"(anonymous_4)","decl":{"start":{"line":95,"column":40},"end":{"line":95,"column":41}},"loc":{"start":{"line":95,"column":51},"end":{"line":100,"column":5}},"line":95},"5":{"name":"(anonymous_5)","decl":{"start":{"line":113,"column":22},"end":{"line":113,"column":23}},"loc":{"start":{"line":113,"column":42},"end":{"line":130,"column":1}},"line":113},"6":{"name":"(anonymous_6)","decl":{"start":{"line":132,"column":19},"end":{"line":132,"column":20}},"loc":{"start":{"line":132,"column":39},"end":{"line":148,"column":1}},"line":132},"7":{"name":"(anonymous_7)","decl":{"start":{"line":150,"column":36},"end":{"line":150,"column":37}},"loc":{"start":{"line":150,"column":56},"end":{"line":182,"column":1}},"line":150}},"branchMap":{"0":{"loc":{"start":{"line":9,"column":2},"end":{"line":13,"column":3}},"type":"if","locations":[{"start":{"line":9,"column":2},"end":{"line":13,"column":3}},{"start":{},"end":{}}],"line":9},"1":{"loc":{"start":{"line":21,"column":4},"end":{"line":24,"column":5}},"type":"if","locations":[{"start":{"line":21,"column":4},"end":{"line":24,"column":5}},{"start":{},"end":{}}],"line":21},"2":{"loc":{"start":{"line":41,"column":2},"end":{"line":45,"column":3}},"type":"if","locations":[{"start":{"line":41,"column":2},"end":{"line":45,"column":3}},{"start":{},"end":{}}],"line":41},"3":{"loc":{"start":{"line":53,"column":4},"end":{"line":56,"column":5}},"type":"if","locations":[{"start":{"line":53,"column":4},"end":{"line":56,"column":5}},{"start":{},"end":{}}],"line":53},"4":{"loc":{"start":{"line":77,"column":4},"end":{"line":80,"column":5}},"type":"if","locations":[{"start":{"line":77,"column":4},"end":{"line":80,"column":5}},{"start":{},"end":{}}],"line":77},"5":{"loc":{"start":{"line":153,"column":4},"end":{"line":153,"column":12}},"type":"default-arg","locations":[{"start":{"line":153,"column":11},"end":{"line":153,"column":12}}],"line":153},"6":{"loc":{"start":{"line":154,"column":4},"end":{"line":154,"column":14}},"type":"default-arg","locations":[{"start":{"line":154,"column":12},"end":{"line":154,"column":14}}],"line":154},"7":{"loc":{"start":{"line":155,"column":4},"end":{"line":155,"column":15}},"type":"default-arg","locations":[{"start":{"line":155,"column":13},"end":{"line":155,"column":15}}],"line":155},"8":{"loc":{"start":{"line":156,"column":4},"end":{"line":156,"column":25}},"type":"default-arg","locations":[{"start":{"line":156,"column":13},"end":{"line":156,"column":25}}],"line":156},"9":{"loc":{"start":{"line":157,"column":4},"end":{"line":157,"column":18}},"type":"default-arg","locations":[{"start":{"line":157,"column":12},"end":{"line":157,"column":18}}],"line":157}},"s":{"0":2,"1":2,"2":2,"3":3,"4":3,"5":3,"6":3,"7":1,"8":2,"9":2,"10":2,"11":1,"12":1,"13":1,"14":1,"15":0,"16":0,"17":2,"18":1,"19":1,"20":1,"21":1,"22":0,"23":1,"24":1,"25":1,"26":0,"27":0,"28":1,"29":1,"30":0,"31":0,"32":2,"33":1,"34":1,"35":1,"36":1,"37":1,"38":0,"39":0,"40":1,"41":1,"42":0,"43":0,"44":2,"45":1,"46":1,"47":1,"48":1,"49":1,"50":1,"51":1,"52":0,"53":0,"54":2,"55":1,"56":1,"57":1,"58":1,"59":1,"60":1,"61":0,"62":0,"63":2,"64":1,"65":1,"66":1,"67":1,"68":1,"69":1,"70":0,"71":0,"72":2,"73":0,"74":0,"75":0,"76":0,"77":0,"78":0,"79":0,"80":0,"81":2},"f":{"0":3,"1":1,"2":1,"3":1,"4":1,"5":1,"6":1,"7":0},"b":{"0":[1,2],"1":[1,1],"2":[0,1],"3":[0,1],"4":[0,1],"5":[0],"6":[0],"7":[0],"8":[0],"9":[0]},"_coverageSchema":"1a1c01bbd47fc00a2c39e90264f33305004495a9","hash":"ae7528325e2c2dce5db71e946dbefbd09f541a15"}
,"D:\\Academia\\Eighth Semester\\Software Testing\\NotesIQ\\NoteIQ\\backend\\controllers\\profileController.js": {"path":"D:\\Academia\\Eighth Semester\\Software Testing\\NotesIQ\\NoteIQ\\backend\\controllers\\profileController.js","statementMap":{"0":{"start":{"line":1,"column":18},"end":{"line":1,"column":48}},"1":{"start":{"line":2,"column":15},"end":{"line":2,"column":32}},"2":{"start":{"line":3,"column":15},"end":{"line":3,"column":41}},"3":{"start":{"line":5,"column":20},"end":{"line":19,"column":1}},"4":{"start":{"line":6,"column":17},"end":{"line":6,"column":32}},"5":{"start":{"line":7,"column":2},"end":{"line":18,"column":3}},"6":{"start":{"line":8,"column":20},"end":{"line":8,"column":60}},"7":{"start":{"line":9,"column":4},"end":{"line":12,"column":5}},"8":{"start":{"line":10,"column":6},"end":{"line":10,"column":48}},"9":{"start":{"line":11,"column":6},"end":{"line":11,"column":63}},"10":{"start":{"line":13,"column":4},"end":{"line":13,"column":62}},"11":{"start":{"line":14,"column":4},"end":{"line":14,"column":34}},"12":{"start":{"line":16,"column":4},"end":{"line":16,"column":62}},"13":{"start":{"line":17,"column":4},"end":{"line":17,"column":62}},"14":{"start":{"line":21,"column":23},"end":{"line":41,"column":1}},"15":{"start":{"line":22,"column":17},"end":{"line":22,"column":32}},"16":{"start":{"line":23,"column":26},"end":{"line":23,"column":34}},"17":{"start":{"line":25,"column":2},"end":{"line":27,"column":3}},"18":{"start":{"line":26,"column":4},"end":{"line":26,"column":86}},"19":{"start":{"line":29,"column":2},"end":{"line":40,"column":3}},"20":{"start":{"line":30,"column":21},"end":{"line":30,"column":75}},"21":{"start":{"line":31,"column":4},"end":{"line":33,"column":5}},"22":{"start":{"line":32,"column":6},"end":{"line":32,"column":75}},"23":{"start":{"line":34,"column":20},"end":{"line":34,"column":78}},"24":{"start":{"line":35,"column":4},"end":{"line":35,"column":61}},"25":{"start":{"line":36,"column":4},"end":{"line":36,"column":100}},"26":{"start":{"line":38,"column":4},"end":{"line":38,"column":61}},"27":{"start":{"line":39,"column":4},"end":{"line":39,"column":62}},"28":{"start":{"line":43,"column":23},"end":{"line":70,"column":1}},"29":{"start":{"line":44,"column":17},"end":{"line":44,"column":32}},"30":{"start":{"line":45,"column":43},"end":{"line":45,"column":51}},"31":{"start":{"line":47,"column":2},"end":{"line":49,"column":3}},"32":{"start":{"line":48,"column":4},"end":{"line":48,"column":85}},"33":{"start":{"line":50,"column":2},"end":{"line":52,"column":3}},"34":{"start":{"line":51,"column":4},"end":{"line":51,"column":90}},"35":{"start":{"line":54,"column":2},"end":{"line":69,"column":3}},"36":{"start":{"line":55,"column":17},"end":{"line":55,"column":61}},"37":{"start":{"line":56,"column":4},"end":{"line":56,"column":73}},"38":{"start":{"line":56,"column":15},"end":{"line":56,"column":73}},"39":{"start":{"line":58,"column":20},"end":{"line":58,"column":77}},"40":{"start":{"line":59,"column":4},"end":{"line":59,"column":91}},"41":{"start":{"line":59,"column":18},"end":{"line":59,"column":91}},"42":{"start":{"line":61,"column":19},"end":{"line":61,"column":53}},"43":{"start":{"line":62,"column":4},"end":{"line":62,"column":51}},"44":{"start":{"line":64,"column":4},"end":{"line":64,"column":48}},"45":{"start":{"line":65,"column":4},"end":{"line":65,"column":72}},"46":{"start":{"line":67,"column":4},"end":{"line":67,"column":61}},"47":{"start":{"line":68,"column":4},"end":{"line":68,"column":62}},"48":{"start":{"line":72,"column":21},"end":{"line":93,"column":1}},"49":{"start":{"line":73,"column":17},"end":{"line":73,"column":32}},"50":{"start":{"line":74,"column":27},"end":{"line":74,"column":35}},"51":{"start":{"line":76,"column":2},"end":{"line":78,"column":3}},"52":{"start":{"line":77,"column":4},"end":{"line":77,"column":71}},"53":{"start":{"line":81,"column":2},"end":{"line":83,"column":3}},"54":{"start":{"line":82,"column":4},"end":{"line":82,"column":72}},"55":{"start":{"line":85,"column":2},"end":{"line":92,"column":3}},"56":{"start":{"line":86,"column":20},"end":{"line":86,"column":70}},"57":{"start":{"line":87,"column":4},"end":{"line":87,"column":46}},"58":{"start":{"line":88,"column":4},"end":{"line":88,"column":102}},"59":{"start":{"line":90,"column":4},"end":{"line":90,"column":59}},"60":{"start":{"line":91,"column":4},"end":{"line":91,"column":62}},"61":{"start":{"line":95,"column":0},"end":{"line":95,"column":79}}},"fnMap":{"0":{"name":"(anonymous_0)","decl":{"start":{"line":5,"column":20},"end":{"line":5,"column":21}},"loc":{"start":{"line":5,"column":40},"end":{"line":19,"column":1}},"line":5},"1":{"name":"(anonymous_1)","decl":{"start":{"line":21,"column":23},"end":{"line":21,"column":24}},"loc":{"start":{"line":21,"column":43},"end":{"line":41,"column":1}},"line":21},"2":{"name":"(anonymous_2)","decl":{"start":{"line":43,"column":23},"end":{"line":43,"column":24}},"loc":{"start":{"line":43,"column":43},"end":{"line":70,"column":1}},"line":43},"3":{"name":"(anonymous_3)","decl":{"start":{"line":72,"column":21},"end":{"line":72,"column":22}},"loc":{"start":{"line":72,"column":41},"end":{"line":93,"column":1}},"line":72}},"branchMap":{"0":{"loc":{"start":{"line":9,"column":4},"end":{"line":12,"column":5}},"type":"if","locations":[{"start":{"line":9,"column":4},"end":{"line":12,"column":5}},{"start":{},"end":{}}],"line":9},"1":{"loc":{"start":{"line":25,"column":2},"end":{"line":27,"column":3}},"type":"if","locations":[{"start":{"line":25,"column":2},"end":{"line":27,"column":3}},{"start":{},"end":{}}],"line":25},"2":{"loc":{"start":{"line":25,"column":6},"end":{"line":25,"column":51}},"type":"binary-expr","locations":[{"start":{"line":25,"column":6},"end":{"line":25,"column":18}},{"start":{"line":25,"column":22},"end":{"line":25,"column":51}}],"line":25},"3":{"loc":{"start":{"line":31,"column":4},"end":{"line":33,"column":5}},"type":"if","locations":[{"start":{"line":31,"column":4},"end":{"line":33,"column":5}},{"start":{},"end":{}}],"line":31},"4":{"loc":{"start":{"line":47,"column":2},"end":{"line":49,"column":3}},"type":"if","locations":[{"start":{"line":47,"column":2},"end":{"line":49,"column":3}},{"start":{},"end":{}}],"line":47},"5":{"loc":{"start":{"line":47,"column":6},"end":{"line":47,"column":38}},"type":"binary-expr","locations":[{"start":{"line":47,"column":6},"end":{"line":47,"column":22}},{"start":{"line":47,"column":26},"end":{"line":47,"column":38}}],"line":47},"6":{"loc":{"start":{"line":50,"column":2},"end":{"line":52,"column":3}},"type":"if","locations":[{"start":{"line":50,"column":2},"end":{"line":52,"column":3}},{"start":{},"end":{}}],"line":50},"7":{"loc":{"start":{"line":56,"column":4},"end":{"line":56,"column":73}},"type":"if","locations":[{"start":{"line":56,"column":4},"end":{"line":56,"column":73}},{"start":{},"end":{}}],"line":56},"8":{"loc":{"start":{"line":59,"column":4},"end":{"line":59,"column":91}},"type":"if","locations":[{"start":{"line":59,"column":4},"end":{"line":59,"column":91}},{"start":{},"end":{}}],"line":59},"9":{"loc":{"start":{"line":76,"column":2},"end":{"line":78,"column":3}},"type":"if","locations":[{"start":{"line":76,"column":2},"end":{"line":78,"column":3}},{"start":{},"end":{}}],"line":76},"10":{"loc":{"start":{"line":81,"column":2},"end":{"line":83,"column":3}},"type":"if","locations":[{"start":{"line":81,"column":2},"end":{"line":83,"column":3}},{"start":{},"end":{}}],"line":81}},"s":{"0":2,"1":2,"2":2,"3":2,"4":3,"5":3,"6":3,"7":2,"8":1,"9":1,"10":1,"11":1,"12":1,"13":1,"14":2,"15":0,"16":0,"17":0,"18":0,"19":0,"20":0,"21":0,"22":0,"23":0,"24":0,"25":0,"26":0,"27":0,"28":2,"29":0,"30":0,"31":0,"32":0,"33":0,"34":0,"35":0,"36":0,"37":0,"38":0,"39":0,"40":0,"41":0,"42":0,"43":0,"44":0,"45":0,"46":0,"47":0,"48":2,"49":0,"50":0,"51":0,"52":0,"53":0,"54":0,"55":0,"56":0,"57":0,"58":0,"59":0,"60":0,"61":2},"f":{"0":3,"1":0,"2":0,"3":0},"b":{"0":[1,1],"1":[0,0],"2":[0,0],"3":[0,0],"4":[0,0],"5":[0,0],"6":[0,0],"7":[0,0],"8":[0,0],"9":[0,0],"10":[0,0]},"_coverageSchema":"1a1c01bbd47fc00a2c39e90264f33305004495a9","hash":"f48e883e8a62194e605b831ecdeb873b92cd224d"}
,"D:\\Academia\\Eighth Semester\\Software Testing\\NotesIQ\\NoteIQ\\backend\\controllers\\taskController.js": {"path":"D:\\Academia\\Eighth Semester\\Software Testing\\NotesIQ\\NoteIQ\\backend\\controllers\\taskController.js","statementMap":{"0":{"start":{"line":1,"column":18},"end":{"line":1,"column":48}},"1":{"start":{"line":2,"column":15},"end":{"line":2,"column":41}},"2":{"start":{"line":4,"column":17},"end":{"line":13,"column":1}},"3":{"start":{"line":5,"column":17},"end":{"line":5,"column":32}},"4":{"start":{"line":6,"column":2},"end":{"line":12,"column":3}},"5":{"start":{"line":7,"column":18},"end":{"line":7,"column":53}},"6":{"start":{"line":8,"column":4},"end":{"line":8,"column":32}},"7":{"start":{"line":10,"column":4},"end":{"line":10,"column":58}},"8":{"start":{"line":11,"column":4},"end":{"line":11,"column":62}},"9":{"start":{"line":15,"column":19},"end":{"line":29,"column":1}},"10":{"start":{"line":16,"column":17},"end":{"line":16,"column":32}},"11":{"start":{"line":17,"column":53},"end":{"line":17,"column":61}},"12":{"start":{"line":18,"column":2},"end":{"line":20,"column":3}},"13":{"start":{"line":19,"column":4},"end":{"line":19,"column":70}},"14":{"start":{"line":21,"column":2},"end":{"line":28,"column":3}},"15":{"start":{"line":22,"column":17},"end":{"line":22,"column":98}},"16":{"start":{"line":23,"column":4},"end":{"line":23,"column":61}},"17":{"start":{"line":24,"column":4},"end":{"line":24,"column":31}},"18":{"start":{"line":26,"column":4},"end":{"line":26,"column":57}},"19":{"start":{"line":27,"column":4},"end":{"line":27,"column":62}},"20":{"start":{"line":31,"column":19},"end":{"line":44,"column":1}},"21":{"start":{"line":32,"column":17},"end":{"line":32,"column":32}},"22":{"start":{"line":33,"column":17},"end":{"line":33,"column":30}},"23":{"start":{"line":34,"column":17},"end":{"line":34,"column":25}},"24":{"start":{"line":35,"column":2},"end":{"line":43,"column":3}},"25":{"start":{"line":36,"column":17},"end":{"line":36,"column":67}},"26":{"start":{"line":37,"column":4},"end":{"line":37,"column":73}},"27":{"start":{"line":37,"column":15},"end":{"line":37,"column":73}},"28":{"start":{"line":38,"column":4},"end":{"line":38,"column":52}},"29":{"start":{"line":39,"column":4},"end":{"line":39,"column":31}},"30":{"start":{"line":41,"column":4},"end":{"line":41,"column":57}},"31":{"start":{"line":42,"column":4},"end":{"line":42,"column":62}},"32":{"start":{"line":46,"column":19},"end":{"line":58,"column":1}},"33":{"start":{"line":47,"column":17},"end":{"line":47,"column":32}},"34":{"start":{"line":48,"column":17},"end":{"line":48,"column":30}},"35":{"start":{"line":49,"column":2},"end":{"line":57,"column":3}},"36":{"start":{"line":50,"column":20},"end":{"line":50,"column":62}},"37":{"start":{"line":51,"column":4},"end":{"line":51,"column":76}},"38":{"start":{"line":51,"column":18},"end":{"line":51,"column":76}},"39":{"start":{"line":52,"column":4},"end":{"line":52,"column":52}},"40":{"start":{"line":53,"column":4},"end":{"line":53,"column":55}},"41":{"start":{"line":55,"column":4},"end":{"line":55,"column":57}},"42":{"start":{"line":56,"column":4},"end":{"line":56,"column":62}},"43":{"start":{"line":60,"column":0},"end":{"line":60,"column":66}}},"fnMap":{"0":{"name":"(anonymous_0)","decl":{"start":{"line":4,"column":17},"end":{"line":4,"column":18}},"loc":{"start":{"line":4,"column":37},"end":{"line":13,"column":1}},"line":4},"1":{"name":"(anonymous_1)","decl":{"start":{"line":15,"column":19},"end":{"line":15,"column":20}},"loc":{"start":{"line":15,"column":39},"end":{"line":29,"column":1}},"line":15},"2":{"name":"(anonymous_2)","decl":{"start":{"line":31,"column":19},"end":{"line":31,"column":20}},"loc":{"start":{"line":31,"column":39},"end":{"line":44,"column":1}},"line":31},"3":{"name":"(anonymous_3)","decl":{"start":{"line":46,"column":19},"end":{"line":46,"column":20}},"loc":{"start":{"line":46,"column":39},"end":{"line":58,"column":1}},"line":46}},"branchMap":{"0":{"loc":{"start":{"line":18,"column":2},"end":{"line":20,"column":3}},"type":"if","locations":[{"start":{"line":18,"column":2},"end":{"line":20,"column":3}},{"start":{},"end":{}}],"line":18},"1":{"loc":{"start":{"line":18,"column":6},"end":{"line":18,"column":29}},"type":"binary-expr","locations":[{"start":{"line":18,"column":6},"end":{"line":18,"column":12}},{"start":{"line":18,"column":16},"end":{"line":18,"column":29}}],"line":18},"2":{"loc":{"start":{"line":37,"column":4},"end":{"line":37,"column":73}},"type":"if","locations":[{"start":{"line":37,"column":4},"end":{"line":37,"column":73}},{"start":{},"end":{}}],"line":37},"3":{"loc":{"start":{"line":51,"column":4},"end":{"line":51,"column":76}},"type":"if","locations":[{"start":{"line":51,"column":4},"end":{"line":51,"column":76}},{"start":{},"end":{}}],"line":51}},"s":{"0":1,"1":1,"2":1,"3":0,"4":0,"5":0,"6":0,"7":0,"8":0,"9":1,"10":0,"11":0,"12":0,"13":0,"14":0,"15":0,"16":0,"17":0,"18":0,"19":0,"20":1,"21":0,"22":0,"23":0,"24":0,"25":0,"26":0,"27":0,"28":0,"29":0,"30":0,"31":0,"32":1,"33":0,"34":0,"35":0,"36":0,"37":0,"38":0,"39":0,"40":0,"41":0,"42":0,"43":1},"f":{"0":0,"1":0,"2":0,"3":0},"b":{"0":[0,0],"1":[0,0],"2":[0,0],"3":[0,0]},"_coverageSchema":"1a1c01bbd47fc00a2c39e90264f33305004495a9","hash":"b5a820763dee211cbda2767389d0073da74f6089"}
,"D:\\Academia\\Eighth Semester\\Software Testing\\NotesIQ\\NoteIQ\\backend\\middlewares\\verifyToken.js": {"path":"D:\\Academia\\Eighth Semester\\Software Testing\\NotesIQ\\NoteIQ\\backend\\middlewares\\verifyToken.js","statementMap":{"0":{"start":{"line":1,"column":12},"end":{"line":1,"column":35}},"1":{"start":{"line":2,"column":15},"end":{"line":2,"column":41}},"2":{"start":{"line":5,"column":21},"end":{"line":5,"column":49}},"3":{"start":{"line":6,"column":16},"end":{"line":6,"column":54}},"4":{"start":{"line":8,"column":2},"end":{"line":16,"column":3}},"5":{"start":{"line":9,"column":4},"end":{"line":13,"column":44}},"6":{"start":{"line":15,"column":4},"end":{"line":15,"column":80}},"7":{"start":{"line":18,"column":2},"end":{"line":39,"column":3}},"8":{"start":{"line":19,"column":20},"end":{"line":19,"column":61}},"9":{"start":{"line":20,"column":4},"end":{"line":20,"column":23}},"10":{"start":{"line":23,"column":4},"end":{"line":27,"column":38}},"11":{"start":{"line":29,"column":4},"end":{"line":29,"column":11}},"12":{"start":{"line":31,"column":4},"end":{"line":36,"column":36}},"13":{"start":{"line":38,"column":4},"end":{"line":38,"column":72}},"14":{"start":{"line":42,"column":0},"end":{"line":42,"column":29}}},"fnMap":{"0":{"name":"verifyToken","decl":{"start":{"line":4,"column":9},"end":{"line":4,"column":20}},"loc":{"start":{"line":4,"column":37},"end":{"line":40,"column":1}},"line":4}},"branchMap":{"0":{"loc":{"start":{"line":6,"column":16},"end":{"line":6,"column":54}},"type":"binary-expr","locations":[{"start":{"line":6,"column":16},"end":{"line":6,"column":26}},{"start":{"line":6,"column":30},"end":{"line":6,"column":54}}],"line":6},"1":{"loc":{"start":{"line":8,"column":2},"end":{"line":16,"column":3}},"type":"if","locations":[{"start":{"line":8,"column":2},"end":{"line":16,"column":3}},{"start":{},"end":{}}],"line":8}},"s":{"0":2,"1":2,"2":3,"3":3,"4":3,"5":1,"6":1,"7":2,"8":2,"9":1,"10":1,"11":1,"12":1,"13":1,"14":2},"f":{"0":3},"b":{"0":[3,2],"1":[1,2]},"_coverageSchema":"1a1c01bbd47fc00a2c39e90264f33305004495a9","hash":"51952c0e3db659d207bd9cca9b3e16cfbe878653"}
,"D:\\Academia\\Eighth Semester\\Software Testing\\NotesIQ\\NoteIQ\\backend\\models\\notesModel.js": {"path":"D:\\Academia\\Eighth Semester\\Software Testing\\NotesIQ\\NoteIQ\\backend\\models\\notesModel.js","statementMap":{"0":{"start":{"line":1,"column":13},"end":{"line":1,"column":30}},"1":{"start":{"line":4,"column":25},"end":{"line":10,"column":1}},"2":{"start":{"line":5,"column":17},"end":{"line":8,"column":3}},"3":{"start":{"line":9,"column":2},"end":{"line":9,"column":24}},"4":{"start":{"line":13,"column":29},"end":{"line":19,"column":1}},"5":{"start":{"line":14,"column":17},"end":{"line":17,"column":3}},"6":{"start":{"line":18,"column":2},"end":{"line":18,"column":21}},"7":{"start":{"line":21,"column":25},"end":{"line":24,"column":1}},"8":{"start":{"line":22,"column":17},"end":{"line":22,"column":80}},"9":{"start":{"line":23,"column":2},"end":{"line":23,"column":24}},"10":{"start":{"line":26,"column":19},"end":{"line":32,"column":1}},"11":{"start":{"line":27,"column":17},"end":{"line":30,"column":3}},"12":{"start":{"line":31,"column":2},"end":{"line":31,"column":24}},"13":{"start":{"line":34,"column":25},"end":{"line":40,"column":1}},"14":{"start":{"line":35,"column":17},"end":{"line":38,"column":3}},"15":{"start":{"line":39,"column":2},"end":{"line":39,"column":24}},"16":{"start":{"line":42,"column":25},"end":{"line":48,"column":1}},"17":{"start":{"line":43,"column":17},"end":{"line":46,"column":3}},"18":{"start":{"line":47,"column":2},"end":{"line":47,"column":24}},"19":{"start":{"line":50,"column":28},"end":{"line":56,"column":1}},"20":{"start":{"line":51,"column":17},"end":{"line":54,"column":3}},"21":{"start":{"line":55,"column":2},"end":{"line":55,"column":24}},"22":{"start":{"line":58,"column":19},"end":{"line":64,"column":1}},"23":{"start":{"line":59,"column":17},"end":{"line":62,"column":3}},"24":{"start":{"line":63,"column":2},"end":{"line":63,"column":24}},"25":{"start":{"line":66,"column":41},"end":{"line":95,"column":1}},"26":{"start":{"line":76,"column":27},"end":{"line":76,"column":68}},"27":{"start":{"line":77,"column":21},"end":{"line":77,"column":36}},"28":{"start":{"line":80,"column":2},"end":{"line":80,"column":64}},"29":{"start":{"line":80,"column":42},"end":{"line":80,"column":64}},"30":{"start":{"line":81,"column":2},"end":{"line":81,"column":64}},"31":{"start":{"line":81,"column":49},"end":{"line":81,"column":64}},"32":{"start":{"line":83,"column":16},"end":{"line":90,"column":3}},"33":{"start":{"line":92,"column":17},"end":{"line":92,"column":62}},"34":{"start":{"line":93,"column":17},"end":{"line":93,"column":48}},"35":{"start":{"line":94,"column":2},"end":{"line":94,"column":21}},"36":{"start":{"line":97,"column":27},"end":{"line":105,"column":1}},"37":{"start":{"line":98,"column":16},"end":{"line":101,"column":3}},"38":{"start":{"line":102,"column":17},"end":{"line":102,"column":47}},"39":{"start":{"line":103,"column":17},"end":{"line":103,"column":48}},"40":{"start":{"line":104,"column":2},"end":{"line":104,"column":40}},"41":{"start":{"line":116,"column":0},"end":{"line":127,"column":2}}},"fnMap":{"0":{"name":"(anonymous_0)","decl":{"start":{"line":4,"column":25},"end":{"line":4,"column":26}},"loc":{"start":{"line":4,"column":51},"end":{"line":10,"column":1}},"line":4},"1":{"name":"(anonymous_1)","decl":{"start":{"line":13,"column":29},"end":{"line":13,"column":30}},"loc":{"start":{"line":13,"column":47},"end":{"line":19,"column":1}},"line":13},"2":{"name":"(anonymous_2)","decl":{"start":{"line":21,"column":25},"end":{"line":21,"column":26}},"loc":{"start":{"line":21,"column":43},"end":{"line":24,"column":1}},"line":21},"3":{"name":"(anonymous_3)","decl":{"start":{"line":26,"column":19},"end":{"line":26,"column":20}},"loc":{"start":{"line":26,"column":37},"end":{"line":32,"column":1}},"line":26},"4":{"name":"(anonymous_4)","decl":{"start":{"line":34,"column":25},"end":{"line":34,"column":26}},"loc":{"start":{"line":34,"column":51},"end":{"line":40,"column":1}},"line":34},"5":{"name":"(anonymous_5)","decl":{"start":{"line":42,"column":25},"end":{"line":42,"column":26}},"loc":{"start":{"line":42,"column":64},"end":{"line":48,"column":1}},"line":42},"6":{"name":"(anonymous_6)","decl":{"start":{"line":50,"column":28},"end":{"line":50,"column":29}},"loc":{"start":{"line":50,"column":64},"end":{"line":56,"column":1}},"line":50},"7":{"name":"(anonymous_7)","decl":{"start":{"line":58,"column":19},"end":{"line":58,"column":20}},"loc":{"start":{"line":58,"column":45},"end":{"line":64,"column":1}},"line":58},"8":{"name":"(anonymous_8)","decl":{"start":{"line":66,"column":41},"end":{"line":66,"column":42}},"loc":{"start":{"line":75,"column":5},"end":{"line":95,"column":1}},"line":75},"9":{"name":"(anonymous_9)","decl":{"start":{"line":97,"column":27},"end":{"line":97,"column":28}},"loc":{"start":{"line":97,"column":65},"end":{"line":105,"column":1}},"line":97}},"branchMap":{"0":{"loc":{"start":{"line":69,"column":4},"end":{"line":69,"column":14}},"type":"default-arg","locations":[{"start":{"line":69,"column":12},"end":{"line":69,"column":14}}],"line":69},"1":{"loc":{"start":{"line":70,"column":4},"end":{"line":70,"column":14}},"type":"default-arg","locations":[{"start":{"line":70,"column":13},"end":{"line":70,"column":14}}],"line":70},"2":{"loc":{"start":{"line":71,"column":4},"end":{"line":71,"column":22}},"type":"default-arg","locations":[{"start":{"line":71,"column":20},"end":{"line":71,"column":22}}],"line":71},"3":{"loc":{"start":{"line":72,"column":4},"end":{"line":72,"column":25}},"type":"default-arg","locations":[{"start":{"line":72,"column":13},"end":{"line":72,"column":25}}],"line":72},"4":{"loc":{"start":{"line":73,"column":4},"end":{"line":73,"column":18}},"type":"default-arg","locations":[{"start":{"line":73,"column":12},"end":{"line":73,"column":18}}],"line":73},"5":{"loc":{"start":{"line":80,"column":2},"end":{"line":80,"column":64}},"type":"if","locations":[{"start":{"line":80,"column":2},"end":{"line":80,"column":64}},{"start":{},"end":{}}],"line":80},"6":{"loc":{"start":{"line":81,"column":2},"end":{"line":81,"column":64}},"type":"if","locations":[{"start":{"line":81,"column":2},"end":{"line":81,"column":64}},{"start":{},"end":{}}],"line":81},"7":{"loc":{"start":{"line":97,"column":42},"end":{"line":97,"column":60}},"type":"default-arg","locations":[{"start":{"line":97,"column":58},"end":{"line":97,"column":60}}],"line":97}},"s":{"0":2,"1":2,"2":0,"3":0,"4":2,"5":0,"6":0,"7":2,"8":0,"9":0,"10":2,"11":0,"12":0,"13":2,"14":0,"15":0,"16":2,"17":0,"18":0,"19":2,"20":0,"21":0,"22":2,"23":0,"24":0,"25":2,"26":0,"27":0,"28":0,"29":0,"30":0,"31":0,"32":0,"33":0,"34":0,"35":0,"36":2,"37":0,"38":0,"39":0,"40":0,"41":2},"f":{"0":0,"1":0,"2":0,"3":0,"4":0,"5":0,"6":0,"7":0,"8":0,"9":0},"b":{"0":[0],"1":[0],"2":[0],"3":[0],"4":[0],"5":[0,0],"6":[0,0],"7":[0]},"_coverageSchema":"1a1c01bbd47fc00a2c39e90264f33305004495a9","hash":"5851966e510cbfacc808d6679dc42a6c58c8e26b"}
,"D:\\Academia\\Eighth Semester\\Software Testing\\NotesIQ\\NoteIQ\\backend\\models\\taskModel.js": {"path":"D:\\Academia\\Eighth Semester\\Software Testing\\NotesIQ\\NoteIQ\\backend\\models\\taskModel.js","statementMap":{"0":{"start":{"line":1,"column":13},"end":{"line":1,"column":30}},"1":{"start":{"line":3,"column":20},"end":{"line":11,"column":1}},"2":{"start":{"line":4,"column":17},"end":{"line":9,"column":3}},"3":{"start":{"line":10,"column":2},"end":{"line":10,"column":21}},"4":{"start":{"line":13,"column":19},"end":{"line":21,"column":1}},"5":{"start":{"line":14,"column":17},"end":{"line":19,"column":3}},"6":{"start":{"line":20,"column":2},"end":{"line":20,"column":24}},"7":{"start":{"line":23,"column":19},"end":{"line":38,"column":1}},"8":{"start":{"line":24,"column":67},"end":{"line":24,"column":73}},"9":{"start":{"line":25,"column":17},"end":{"line":36,"column":3}},"10":{"start":{"line":37,"column":2},"end":{"line":37,"column":24}},"11":{"start":{"line":40,"column":19},"end":{"line":46,"column":1}},"12":{"start":{"line":41,"column":17},"end":{"line":44,"column":3}},"13":{"start":{"line":45,"column":2},"end":{"line":45,"column":24}},"14":{"start":{"line":48,"column":0},"end":{"line":48,"column":69}}},"fnMap":{"0":{"name":"(anonymous_0)","decl":{"start":{"line":3,"column":20},"end":{"line":3,"column":21}},"loc":{"start":{"line":3,"column":38},"end":{"line":11,"column":1}},"line":3},"1":{"name":"(anonymous_1)","decl":{"start":{"line":13,"column":19},"end":{"line":13,"column":20}},"loc":{"start":{"line":13,"column":77},"end":{"line":21,"column":1}},"line":13},"2":{"name":"(anonymous_2)","decl":{"start":{"line":23,"column":19},"end":{"line":23,"column":20}},"loc":{"start":{"line":23,"column":53},"end":{"line":38,"column":1}},"line":23},"3":{"name":"(anonymous_3)","decl":{"start":{"line":40,"column":19},"end":{"line":40,"column":20}},"loc":{"start":{"line":40,"column":45},"end":{"line":46,"column":1}},"line":40}},"branchMap":{"0":{"loc":{"start":{"line":18,"column":20},"end":{"line":18,"column":39}},"type":"binary-expr","locations":[{"start":{"line":18,"column":20},"end":{"line":18,"column":31}},{"start":{"line":18,"column":35},"end":{"line":18,"column":39}}],"line":18},"1":{"loc":{"start":{"line":18,"column":41},"end":{"line":18,"column":61}},"type":"binary-expr","locations":[{"start":{"line":18,"column":41},"end":{"line":18,"column":49}},{"start":{"line":18,"column":53},"end":{"line":18,"column":61}}],"line":18},"2":{"loc":{"start":{"line":18,"column":63},"end":{"line":18,"column":79}},"type":"binary-expr","locations":[{"start":{"line":18,"column":63},"end":{"line":18,"column":71}},{"start":{"line":18,"column":75},"end":{"line":18,"column":79}}],"line":18}},"s":{"0":1,"1":1,"2":0,"3":0,"4":1,"5":0,"6":0,"7":1,"8":0,"9":0,"10":0,"11":1,"12":0,"13":0,"14":1},"f":{"0":0,"1":0,"2":0,"3":0},"b":{"0":[0,0],"1":[0,0],"2":[0,0]},"_coverageSchema":"1a1c01bbd47fc00a2c39e90264f33305004495a9","hash":"7077801df9df3462a794ecbc61676a204a2a4f1b"}
,"D:\\Academia\\Eighth Semester\\Software Testing\\NotesIQ\\NoteIQ\\backend\\models\\userModel.js": {"path":"D:\\Academia\\Eighth Semester\\Software Testing\\NotesIQ\\NoteIQ\\backend\\models\\userModel.js","statementMap":{"0":{"start":{"line":1,"column":13},"end":{"line":1,"column":30}},"1":{"start":{"line":3,"column":25},"end":{"line":9,"column":1}},"2":{"start":{"line":4,"column":17},"end":{"line":7,"column":3}},"3":{"start":{"line":8,"column":2},"end":{"line":8,"column":24}},"4":{"start":{"line":11,"column":27},"end":{"line":17,"column":1}},"5":{"start":{"line":12,"column":17},"end":{"line":15,"column":3}},"6":{"start":{"line":16,"column":2},"end":{"line":16,"column":24}},"7":{"start":{"line":19,"column":24},"end":{"line":25,"column":1}},"8":{"start":{"line":20,"column":17},"end":{"line":23,"column":3}},"9":{"start":{"line":24,"column":2},"end":{"line":24,"column":24}},"10":{"start":{"line":27,"column":34},"end":{"line":33,"column":1}},"11":{"start":{"line":28,"column":17},"end":{"line":31,"column":3}},"12":{"start":{"line":32,"column":2},"end":{"line":32,"column":24}},"13":{"start":{"line":35,"column":19},"end":{"line":43,"column":1}},"14":{"start":{"line":36,"column":17},"end":{"line":41,"column":3}},"15":{"start":{"line":42,"column":2},"end":{"line":42,"column":24}},"16":{"start":{"line":45,"column":36},"end":{"line":51,"column":1}},"17":{"start":{"line":46,"column":17},"end":{"line":49,"column":3}},"18":{"start":{"line":50,"column":2},"end":{"line":50,"column":24}},"19":{"start":{"line":53,"column":27},"end":{"line":58,"column":1}},"20":{"start":{"line":54,"column":2},"end":{"line":57,"column":4}},"21":{"start":{"line":60,"column":24},"end":{"line":65,"column":1}},"22":{"start":{"line":61,"column":2},"end":{"line":64,"column":4}},"23":{"start":{"line":67,"column":23},"end":{"line":73,"column":1}},"24":{"start":{"line":68,"column":17},"end":{"line":71,"column":3}},"25":{"start":{"line":72,"column":2},"end":{"line":72,"column":24}},"26":{"start":{"line":75,"column":23},"end":{"line":80,"column":1}},"27":{"start":{"line":76,"column":2},"end":{"line":79,"column":4}},"28":{"start":{"line":82,"column":21},"end":{"line":88,"column":1}},"29":{"start":{"line":83,"column":17},"end":{"line":86,"column":3}},"30":{"start":{"line":87,"column":2},"end":{"line":87,"column":24}},"31":{"start":{"line":90,"column":29},"end":{"line":96,"column":1}},"32":{"start":{"line":91,"column":17},"end":{"line":94,"column":3}},"33":{"start":{"line":95,"column":2},"end":{"line":95,"column":24}},"34":{"start":{"line":98,"column":0},"end":{"line":111,"column":2}}},"fnMap":{"0":{"name":"(anonymous_0)","decl":{"start":{"line":3,"column":25},"end":{"line":3,"column":26}},"loc":{"start":{"line":3,"column":43},"end":{"line":9,"column":1}},"line":3},"1":{"name":"(anonymous_1)","decl":{"start":{"line":11,"column":27},"end":{"line":11,"column":28}},"loc":{"start":{"line":11,"column":47},"end":{"line":17,"column":1}},"line":11},"2":{"name":"(anonymous_2)","decl":{"start":{"line":19,"column":24},"end":{"line":19,"column":25}},"loc":{"start":{"line":19,"column":41},"end":{"line":25,"column":1}},"line":19},"3":{"name":"(anonymous_3)","decl":{"start":{"line":27,"column":34},"end":{"line":27,"column":35}},"loc":{"start":{"line":27,"column":61},"end":{"line":33,"column":1}},"line":27},"4":{"name":"(anonymous_4)","decl":{"start":{"line":35,"column":19},"end":{"line":35,"column":20}},"loc":{"start":{"line":35,"column":69},"end":{"line":43,"column":1}},"line":35},"5":{"name":"(anonymous_5)","decl":{"start":{"line":45,"column":36},"end":{"line":45,"column":37}},"loc":{"start":{"line":45,"column":53},"end":{"line":51,"column":1}},"line":45},"6":{"name":"(anonymous_6)","decl":{"start":{"line":53,"column":27},"end":{"line":53,"column":28}},"loc":{"start":{"line":53,"column":45},"end":{"line":58,"column":1}},"line":53},"7":{"name":"(anonymous_7)","decl":{"start":{"line":60,"column":24},"end":{"line":60,"column":25}},"loc":{"start":{"line":60,"column":42},"end":{"line":65,"column":1}},"line":60},"8":{"name":"(anonymous_8)","decl":{"start":{"line":67,"column":23},"end":{"line":67,"column":24}},"loc":{"start":{"line":67,"column":54},"end":{"line":73,"column":1}},"line":67},"9":{"name":"(anonymous_9)","decl":{"start":{"line":75,"column":23},"end":{"line":75,"column":24}},"loc":{"start":{"line":75,"column":60},"end":{"line":80,"column":1}},"line":75},"10":{"name":"(anonymous_10)","decl":{"start":{"line":82,"column":21},"end":{"line":82,"column":22}},"loc":{"start":{"line":82,"column":50},"end":{"line":88,"column":1}},"line":82},"11":{"name":"(anonymous_11)","decl":{"start":{"line":90,"column":29},"end":{"line":90,"column":30}},"loc":{"start":{"line":90,"column":47},"end":{"line":96,"column":1}},"line":90}},"branchMap":{},"s":{"0":2,"1":2,"2":0,"3":0,"4":2,"5":0,"6":0,"7":2,"8":0,"9":0,"10":2,"11":0,"12":0,"13":2,"14":0,"15":0,"16":2,"17":0,"18":0,"19":2,"20":0,"21":2,"22":0,"23":2,"24":0,"25":0,"26":2,"27":0,"28":2,"29":0,"30":0,"31":2,"32":0,"33":0,"34":2},"f":{"0":0,"1":0,"2":0,"3":0,"4":0,"5":0,"6":0,"7":0,"8":0,"9":0,"10":0,"11":0},"b":{},"_coverageSchema":"1a1c01bbd47fc00a2c39e90264f33305004495a9","hash":"ecf3c2007ef788268ca92909b989fefb904a2ca1"}
,"D:\\Academia\\Eighth Semester\\Software Testing\\NotesIQ\\NoteIQ\\backend\\routes\\auth.js": {"path":"D:\\Academia\\Eighth Semester\\Software Testing\\NotesIQ\\NoteIQ\\backend\\routes\\auth.js","statementMap":{"0":{"start":{"line":1,"column":16},"end":{"line":1,"column":34}},"1":{"start":{"line":2,"column":15},"end":{"line":2,"column":31}},"2":{"start":{"line":3,"column":23},"end":{"line":3,"column":63}},"3":{"start":{"line":6,"column":0},"end":{"line":6,"column":46}},"4":{"start":{"line":8,"column":0},"end":{"line":8,"column":44}},"5":{"start":{"line":10,"column":0},"end":{"line":10,"column":57}},"6":{"start":{"line":12,"column":0},"end":{"line":12,"column":24}}},"fnMap":{},"branchMap":{},"s":{"0":1,"1":1,"2":1,"3":1,"4":1,"5":1,"6":1},"f":{},"b":{},"_coverageSchema":"1a1c01bbd47fc00a2c39e90264f33305004495a9","hash":"54257f5b8093ed7d7f6809b57941efeb479efdc7"}
,"D:\\Academia\\Eighth Semester\\Software Testing\\NotesIQ\\NoteIQ\\backend\\routes\\notes.js": {"path":"D:\\Academia\\Eighth Semester\\Software Testing\\NotesIQ\\NoteIQ\\backend\\routes\\notes.js","statementMap":{"0":{"start":{"line":1,"column":16},"end":{"line":1,"column":34}},"1":{"start":{"line":2,"column":15},"end":{"line":2,"column":31}},"2":{"start":{"line":3,"column":24},"end":{"line":3,"column":65}},"3":{"start":{"line":4,"column":20},"end":{"line":4,"column":57}},"4":{"start":{"line":7,"column":0},"end":{"line":7,"column":76}},"5":{"start":{"line":9,"column":0},"end":{"line":9,"column":72}},"6":{"start":{"line":11,"column":0},"end":{"line":11,"column":67}},"7":{"start":{"line":13,"column":0},"end":{"line":13,"column":74}},"8":{"start":{"line":15,"column":0},"end":{"line":15,"column":65}},"9":{"start":{"line":17,"column":0},"end":{"line":17,"column":83}},"10":{"start":{"line":19,"column":0},"end":{"line":19,"column":73}},"11":{"start":{"line":21,"column":0},"end":{"line":21,"column":24}}},"fnMap":{},"branchMap":{},"s":{"0":1,"1":1,"2":1,"3":1,"4":1,"5":1,"6":1,"7":1,"8":1,"9":1,"10":1,"11":1},"f":{},"b":{},"_coverageSchema":"1a1c01bbd47fc00a2c39e90264f33305004495a9","hash":"f2ec9790a4d4f00030fe5c71856df3144924d612"}
,"D:\\Academia\\Eighth Semester\\Software Testing\\NotesIQ\\NoteIQ\\backend\\routes\\profile.js": {"path":"D:\\Academia\\Eighth Semester\\Software Testing\\NotesIQ\\NoteIQ\\backend\\routes\\profile.js","statementMap":{"0":{"start":{"line":1,"column":16},"end":{"line":1,"column":34}},"1":{"start":{"line":2,"column":15},"end":{"line":2,"column":31}},"2":{"start":{"line":3,"column":26},"end":{"line":3,"column":69}},"3":{"start":{"line":4,"column":20},"end":{"line":4,"column":57}},"4":{"start":{"line":6,"column":0},"end":{"line":6,"column":64}},"5":{"start":{"line":7,"column":0},"end":{"line":7,"column":73}},"6":{"start":{"line":8,"column":0},"end":{"line":8,"column":73}},"7":{"start":{"line":9,"column":0},"end":{"line":9,"column":69}},"8":{"start":{"line":11,"column":0},"end":{"line":11,"column":24}}},"fnMap":{},"branchMap":{},"s":{"0":1,"1":1,"2":1,"3":1,"4":1,"5":1,"6":1,"7":1,"8":1},"f":{},"b":{},"_coverageSchema":"1a1c01bbd47fc00a2c39e90264f33305004495a9","hash":"7fcb0128c4e51de5c64af7ff259e0a743dab3ef2"}
,"D:\\Academia\\Eighth Semester\\Software Testing\\NotesIQ\\NoteIQ\\backend\\routes\\tasks.js": {"path":"D:\\Academia\\Eighth Semester\\Software Testing\\NotesIQ\\NoteIQ\\backend\\routes\\tasks.js","statementMap":{"0":{"start":{"line":1,"column":16},"end":{"line":1,"column":34}},"1":{"start":{"line":2,"column":15},"end":{"line":2,"column":31}},"2":{"start":{"line":3,"column":23},"end":{"line":3,"column":63}},"3":{"start":{"line":4,"column":20},"end":{"line":4,"column":57}},"4":{"start":{"line":6,"column":0},"end":{"line":6,"column":54}},"5":{"start":{"line":7,"column":0},"end":{"line":7,"column":57}},"6":{"start":{"line":8,"column":0},"end":{"line":8,"column":61}},"7":{"start":{"line":9,"column":0},"end":{"line":9,"column":62}},"8":{"start":{"line":11,"column":0},"end":{"line":11,"column":24}}},"fnMap":{},"branchMap":{},"s":{"0":1,"1":1,"2":1,"3":1,"4":1,"5":1,"6":1,"7":1,"8":1},"f":{},"b":{},"_coverageSchema":"1a1c01bbd47fc00a2c39e90264f33305004495a9","hash":"46bf631705520bbc03b6f6c66b11f1098b787f78"}
,"D:\\Academia\\Eighth Semester\\Software Testing\\NotesIQ\\NoteIQ\\backend\\utils\\jwt.js": {"path":"D:\\Academia\\Eighth Semester\\Software Testing\\NotesIQ\\NoteIQ\\backend\\utils\\jwt.js","statementMap":{"0":{"start":{"line":2,"column":12},"end":{"line":2,"column":35}},"1":{"start":{"line":5,"column":2},"end":{"line":9,"column":4}},"2":{"start":{"line":12,"column":0},"end":{"line":12,"column":31}}},"fnMap":{"0":{"name":"generateToken","decl":{"start":{"line":4,"column":9},"end":{"line":4,"column":22}},"loc":{"start":{"line":4,"column":31},"end":{"line":10,"column":1}},"line":4}},"branchMap":{"0":{"loc":{"start":{"line":8,"column":17},"end":{"line":8,"column":51}},"type":"binary-expr","locations":[{"start":{"line":8,"column":17},"end":{"line":8,"column":43}},{"start":{"line":8,"column":47},"end":{"line":8,"column":51}}],"line":8}},"s":{"0":1,"1":0,"2":1},"f":{"0":0},"b":{"0":[0,0]},"_coverageSchema":"1a1c01bbd47fc00a2c39e90264f33305004495a9","hash":"3c54785d2ae6818d9bd6d4144776684c4bcc219f"}
,"D:\\Academia\\Eighth Semester\\Software Testing\\NotesIQ\\NoteIQ\\backend\\utils\\logger.js": {"path":"D:\\Academia\\Eighth Semester\\Software Testing\\NotesIQ\\NoteIQ\\backend\\utils\\logger.js","statementMap":{"0":{"start":{"line":2,"column":13},"end":{"line":2,"column":28}},"1":{"start":{"line":4,"column":15},"end":{"line":13,"column":2}},"2":{"start":{"line":15,"column":0},"end":{"line":15,"column":24}}},"fnMap":{},"branchMap":{},"s":{"0":5,"1":5,"2":5},"f":{},"b":{},"_coverageSchema":"1a1c01bbd47fc00a2c39e90264f33305004495a9","hash":"f1c628d802a63b50666cccde1c8795054648a1c0"}
}
