TN:
SF:db2.js
FN:17,(anonymous_0)
FN:20,(anonymous_1)
FN:24,(anonymous_2)
FN:29,(anonymous_3)
FNF:4
FNH:0
FNDA:0,(anonymous_0)
FNDA:0,(anonymous_1)
FNDA:0,(anonymous_2)
FNDA:0,(anonymous_3)
DA:1,3
DA:2,3
DA:3,3
DA:6,3
DA:13,3
DA:16,3
DA:18,0
DA:21,0
DA:22,0
DA:25,0
DA:26,0
DA:30,0
LF:12
LH:6
BRF:0
BRH:0
end_of_record
TN:
SF:index.js
FN:25,(anonymous_0)
FNF:1
FNH:0
FNDA:0,(anonymous_0)
DA:1,1
DA:2,1
DA:3,1
DA:4,1
DA:6,1
DA:7,1
DA:8,1
DA:9,1
DA:11,1
DA:13,1
DA:14,1
DA:16,1
DA:17,1
DA:18,1
DA:19,1
DA:22,1
DA:24,1
DA:25,0
DA:26,0
DA:30,1
LF:20
LH:18
BRDA:22,0,0,1
BRDA:22,0,1,1
BRDA:24,1,0,0
BRDA:24,1,1,1
BRF:4
BRH:3
end_of_record
TN:
SF:mail.js
FNF:0
FNH:0
DA:1,1
DA:3,1
DA:6,1
DA:14,1
LF:4
LH:4
BRF:0
BRH:0
end_of_record
TN:
SF:controllers\authController.js
FN:12,(anonymous_0)
FN:107,(anonymous_1)
FN:124,(anonymous_2)
FNF:3
FNH:1
FNDA:4,(anonymous_0)
FNDA:0,(anonymous_1)
FNDA:0,(anonymous_2)
DA:1,1
DA:2,1
DA:3,1
DA:6,1
DA:7,1
DA:10,1
DA:12,1
DA:13,4
DA:15,4
DA:16,1
DA:21,3
DA:22,3
DA:23,3
DA:24,1
DA:27,2
DA:28,2
DA:29,1
DA:33,1
DA:35,1
DA:37,1
DA:45,1
DA:46,1
DA:48,1
DA:77,1
DA:78,1
DA:80,1
DA:90,0
DA:91,0
DA:93,0
DA:103,0
DA:104,0
DA:107,1
DA:108,0
DA:110,0
DA:112,0
DA:113,0
DA:116,0
DA:118,0
DA:120,0
DA:124,1
DA:125,0
DA:128,0
DA:129,0
DA:135,0
DA:136,0
DA:137,0
DA:140,0
DA:141,0
DA:145,0
DA:146,0
DA:147,0
DA:150,0
DA:152,0
DA:154,0
DA:157,0
DA:169,1
LF:56
LH:29
BRDA:15,0,0,1
BRDA:15,0,1,3
BRDA:15,1,0,4
BRDA:15,1,1,3
BRDA:15,1,2,3
BRDA:23,2,0,1
BRDA:23,2,1,2
BRDA:28,3,0,1
BRDA:28,3,1,1
BRDA:45,4,0,1
BRDA:45,4,1,0
BRDA:45,5,0,1
BRDA:45,5,1,1
BRDA:112,6,0,0
BRDA:112,6,1,0
BRDA:128,7,0,0
BRDA:128,7,1,0
BRDA:128,8,0,0
BRDA:128,8,1,0
BRDA:136,9,0,0
BRDA:136,9,1,0
BRDA:140,10,0,0
BRDA:140,10,1,0
BRDA:146,11,0,0
BRDA:146,11,1,0
BRF:25
BRH:12
end_of_record
TN:
SF:controllers\notesController.js
FN:4,(anonymous_0)
FN:36,(anonymous_1)
FN:70,(anonymous_2)
FN:89,(anonymous_3)
FN:95,(anonymous_4)
FN:113,(anonymous_5)
FN:132,(anonymous_6)
FN:150,(anonymous_7)
FNF:8
FNH:7
FNDA:3,(anonymous_0)
FNDA:1,(anonymous_1)
FNDA:1,(anonymous_2)
FNDA:1,(anonymous_3)
FNDA:1,(anonymous_4)
FNDA:1,(anonymous_5)
FNDA:1,(anonymous_6)
FNDA:0,(anonymous_7)
DA:1,2
DA:2,2
DA:4,2
DA:5,3
DA:6,3
DA:7,3
DA:9,3
DA:10,1
DA:14,2
DA:15,2
DA:21,2
DA:22,1
DA:23,1
DA:26,1
DA:27,1
DA:31,0
DA:32,0
DA:36,2
DA:37,1
DA:38,1
DA:39,1
DA:41,1
DA:42,0
DA:46,1
DA:47,1
DA:53,1
DA:54,0
DA:55,0
DA:57,1
DA:61,1
DA:65,0
DA:66,0
DA:70,2
DA:71,1
DA:72,1
DA:74,1
DA:75,1
DA:77,1
DA:78,0
DA:79,0
DA:81,1
DA:82,1
DA:84,0
DA:85,0
DA:89,2
DA:90,1
DA:92,1
DA:93,1
DA:95,1
DA:102,1
DA:106,1
DA:108,0
DA:109,0
DA:113,2
DA:114,1
DA:115,1
DA:116,1
DA:118,1
DA:124,1
DA:125,1
DA:127,0
DA:128,0
DA:132,2
DA:133,1
DA:134,1
DA:136,1
DA:137,1
DA:139,1
DA:140,1
DA:145,0
DA:146,0
DA:150,2
DA:151,0
DA:158,0
DA:160,0
DA:162,0
DA:163,0
DA:171,0
DA:173,0
DA:180,0
DA:185,2
LF:81
LH:56
BRDA:9,0,0,1
BRDA:9,0,1,2
BRDA:21,1,0,1
BRDA:21,1,1,1
BRDA:41,2,0,0
BRDA:41,2,1,1
BRDA:53,3,0,0
BRDA:53,3,1,1
BRDA:77,4,0,0
BRDA:77,4,1,1
BRDA:153,5,0,0
BRDA:154,6,0,0
BRDA:155,7,0,0
BRDA:156,8,0,0
BRDA:157,9,0,0
BRF:15
BRH:7
end_of_record
TN:
SF:controllers\profileController.js
FN:5,(anonymous_0)
FN:21,(anonymous_1)
FN:43,(anonymous_2)
FN:72,(anonymous_3)
FNF:4
FNH:1
FNDA:3,(anonymous_0)
FNDA:0,(anonymous_1)
FNDA:0,(anonymous_2)
FNDA:0,(anonymous_3)
DA:1,2
DA:2,2
DA:3,2
DA:5,2
DA:6,3
DA:7,3
DA:8,3
DA:9,2
DA:10,1
DA:11,1
DA:13,1
DA:14,1
DA:16,1
DA:17,1
DA:21,2
DA:22,0
DA:23,0
DA:25,0
DA:26,0
DA:29,0
DA:30,0
DA:31,0
DA:32,0
DA:34,0
DA:35,0
DA:36,0
DA:38,0
DA:39,0
DA:43,2
DA:44,0
DA:45,0
DA:47,0
DA:48,0
DA:50,0
DA:51,0
DA:54,0
DA:55,0
DA:56,0
DA:58,0
DA:59,0
DA:61,0
DA:62,0
DA:64,0
DA:65,0
DA:67,0
DA:68,0
DA:72,2
DA:73,0
DA:74,0
DA:76,0
DA:77,0
DA:81,0
DA:82,0
DA:85,0
DA:86,0
DA:87,0
DA:88,0
DA:90,0
DA:91,0
DA:95,2
LF:60
LH:18
BRDA:9,0,0,1
BRDA:9,0,1,1
BRDA:25,1,0,0
BRDA:25,1,1,0
BRDA:25,2,0,0
BRDA:25,2,1,0
BRDA:31,3,0,0
BRDA:31,3,1,0
BRDA:47,4,0,0
BRDA:47,4,1,0
BRDA:47,5,0,0
BRDA:47,5,1,0
BRDA:50,6,0,0
BRDA:50,6,1,0
BRDA:56,7,0,0
BRDA:56,7,1,0
BRDA:59,8,0,0
BRDA:59,8,1,0
BRDA:76,9,0,0
BRDA:76,9,1,0
BRDA:81,10,0,0
BRDA:81,10,1,0
BRF:22
BRH:2
end_of_record
TN:
SF:controllers\taskController.js
FN:4,(anonymous_0)
FN:15,(anonymous_1)
FN:31,(anonymous_2)
FN:46,(anonymous_3)
FNF:4
FNH:0
FNDA:0,(anonymous_0)
FNDA:0,(anonymous_1)
FNDA:0,(anonymous_2)
FNDA:0,(anonymous_3)
DA:1,1
DA:2,1
DA:4,1
DA:5,0
DA:6,0
DA:7,0
DA:8,0
DA:10,0
DA:11,0
DA:15,1
DA:16,0
DA:17,0
DA:18,0
DA:19,0
DA:21,0
DA:22,0
DA:23,0
DA:24,0
DA:26,0
DA:27,0
DA:31,1
DA:32,0
DA:33,0
DA:34,0
DA:35,0
DA:36,0
DA:37,0
DA:38,0
DA:39,0
DA:41,0
DA:42,0
DA:46,1
DA:47,0
DA:48,0
DA:49,0
DA:50,0
DA:51,0
DA:52,0
DA:53,0
DA:55,0
DA:56,0
DA:60,1
LF:42
LH:7
BRDA:18,0,0,0
BRDA:18,0,1,0
BRDA:18,1,0,0
BRDA:18,1,1,0
BRDA:37,2,0,0
BRDA:37,2,1,0
BRDA:51,3,0,0
BRDA:51,3,1,0
BRF:8
BRH:0
end_of_record
TN:
SF:middlewares\verifyToken.js
FN:4,verifyToken
FNF:1
FNH:1
FNDA:3,verifyToken
DA:1,2
DA:2,2
DA:5,3
DA:6,3
DA:8,3
DA:9,1
DA:15,1
DA:18,2
DA:19,2
DA:20,1
DA:23,1
DA:29,1
DA:31,1
DA:38,1
DA:42,2
LF:15
LH:15
BRDA:6,0,0,3
BRDA:6,0,1,2
BRDA:8,1,0,1
BRDA:8,1,1,2
BRF:4
BRH:4
end_of_record
TN:
SF:models\notesModel.js
FN:4,(anonymous_0)
FN:13,(anonymous_1)
FN:21,(anonymous_2)
FN:26,(anonymous_3)
FN:34,(anonymous_4)
FN:42,(anonymous_5)
FN:50,(anonymous_6)
FN:58,(anonymous_7)
FN:66,(anonymous_8)
FN:97,(anonymous_9)
FNF:10
FNH:0
FNDA:0,(anonymous_0)
FNDA:0,(anonymous_1)
FNDA:0,(anonymous_2)
FNDA:0,(anonymous_3)
FNDA:0,(anonymous_4)
FNDA:0,(anonymous_5)
FNDA:0,(anonymous_6)
FNDA:0,(anonymous_7)
FNDA:0,(anonymous_8)
FNDA:0,(anonymous_9)
DA:1,2
DA:4,2
DA:5,0
DA:9,0
DA:13,2
DA:14,0
DA:18,0
DA:21,2
DA:22,0
DA:23,0
DA:26,2
DA:27,0
DA:31,0
DA:34,2
DA:35,0
DA:39,0
DA:42,2
DA:43,0
DA:47,0
DA:50,2
DA:51,0
DA:55,0
DA:58,2
DA:59,0
DA:63,0
DA:66,2
DA:76,0
DA:77,0
DA:80,0
DA:81,0
DA:83,0
DA:92,0
DA:93,0
DA:94,0
DA:97,2
DA:98,0
DA:102,0
DA:103,0
DA:104,0
DA:116,2
LF:40
LH:12
BRDA:69,0,0,0
BRDA:70,1,0,0
BRDA:71,2,0,0
BRDA:72,3,0,0
BRDA:73,4,0,0
BRDA:80,5,0,0
BRDA:80,5,1,0
BRDA:81,6,0,0
BRDA:81,6,1,0
BRDA:97,7,0,0
BRF:10
BRH:0
end_of_record
TN:
SF:models\taskModel.js
FN:3,(anonymous_0)
FN:13,(anonymous_1)
FN:23,(anonymous_2)
FN:40,(anonymous_3)
FNF:4
FNH:0
FNDA:0,(anonymous_0)
FNDA:0,(anonymous_1)
FNDA:0,(anonymous_2)
FNDA:0,(anonymous_3)
DA:1,1
DA:3,1
DA:4,0
DA:10,0
DA:13,1
DA:14,0
DA:20,0
DA:23,1
DA:24,0
DA:25,0
DA:37,0
DA:40,1
DA:41,0
DA:45,0
DA:48,1
LF:15
LH:6
BRDA:18,0,0,0
BRDA:18,0,1,0
BRDA:18,1,0,0
BRDA:18,1,1,0
BRDA:18,2,0,0
BRDA:18,2,1,0
BRF:6
BRH:0
end_of_record
TN:
SF:models\userModel.js
FN:3,(anonymous_0)
FN:11,(anonymous_1)
FN:19,(anonymous_2)
FN:27,(anonymous_3)
FN:35,(anonymous_4)
FN:45,(anonymous_5)
FN:53,(anonymous_6)
FN:60,(anonymous_7)
FN:67,(anonymous_8)
FN:75,(anonymous_9)
FN:82,(anonymous_10)
FN:90,(anonymous_11)
FNF:12
FNH:0
FNDA:0,(anonymous_0)
FNDA:0,(anonymous_1)
FNDA:0,(anonymous_2)
FNDA:0,(anonymous_3)
FNDA:0,(anonymous_4)
FNDA:0,(anonymous_5)
FNDA:0,(anonymous_6)
FNDA:0,(anonymous_7)
FNDA:0,(anonymous_8)
FNDA:0,(anonymous_9)
FNDA:0,(anonymous_10)
FNDA:0,(anonymous_11)
DA:1,2
DA:3,2
DA:4,0
DA:8,0
DA:11,2
DA:12,0
DA:16,0
DA:19,2
DA:20,0
DA:24,0
DA:27,2
DA:28,0
DA:32,0
DA:35,2
DA:36,0
DA:42,0
DA:45,2
DA:46,0
DA:50,0
DA:53,2
DA:54,0
DA:60,2
DA:61,0
DA:67,2
DA:68,0
DA:72,0
DA:75,2
DA:76,0
DA:82,2
DA:83,0
DA:87,0
DA:90,2
DA:91,0
DA:95,0
DA:98,2
LF:35
LH:14
BRF:0
BRH:0
end_of_record
TN:
SF:routes\auth.js
FNF:0
FNH:0
DA:1,1
DA:2,1
DA:3,1
DA:6,1
DA:8,1
DA:10,1
DA:12,1
LF:7
LH:7
BRF:0
BRH:0
end_of_record
TN:
SF:routes\notes.js
FNF:0
FNH:0
DA:1,1
DA:2,1
DA:3,1
DA:4,1
DA:7,1
DA:9,1
DA:11,1
DA:13,1
DA:15,1
DA:17,1
DA:19,1
DA:21,1
LF:12
LH:12
BRF:0
BRH:0
end_of_record
TN:
SF:routes\profile.js
FNF:0
FNH:0
DA:1,1
DA:2,1
DA:3,1
DA:4,1
DA:6,1
DA:7,1
DA:8,1
DA:9,1
DA:11,1
LF:9
LH:9
BRF:0
BRH:0
end_of_record
TN:
SF:routes\tasks.js
FNF:0
FNH:0
DA:1,1
DA:2,1
DA:3,1
DA:4,1
DA:6,1
DA:7,1
DA:8,1
DA:9,1
DA:11,1
LF:9
LH:9
BRF:0
BRH:0
end_of_record
TN:
SF:utils\jwt.js
FN:4,generateToken
FNF:1
FNH:0
FNDA:0,generateToken
DA:2,1
DA:5,0
DA:12,1
LF:3
LH:2
BRDA:8,0,0,0
BRDA:8,0,1,0
BRF:2
BRH:0
end_of_record
TN:
SF:utils\logger.js
FNF:0
FNH:0
DA:2,5
DA:4,5
DA:15,5
LF:3
LH:3
BRF:0
BRH:0
end_of_record
