TN:
SF:db2.js
FN:17,(anonymous_0)
FN:20,(anonymous_1)
FN:24,(anonymous_2)
FN:29,(anonymous_3)
FNF:4
FNH:2
FNDA:5,(anonymous_0)
FNDA:5,(anonymous_1)
FNDA:0,(anonymous_2)
FNDA:0,(anonymous_3)
DA:1,12
DA:2,12
DA:3,12
DA:6,12
DA:13,12
DA:16,12
DA:18,5
DA:21,5
DA:22,5
DA:25,0
DA:26,0
DA:30,0
LF:12
LH:9
BRF:0
BRH:0
end_of_record
TN:
SF:index.js
FN:25,(anonymous_0)
FNF:1
FNH:0
FNDA:0,(anonymous_0)
DA:1,10
DA:2,10
DA:3,10
DA:4,10
DA:6,10
DA:7,10
DA:8,10
DA:9,10
DA:11,10
DA:13,10
DA:14,10
DA:16,10
DA:17,10
DA:18,10
DA:19,10
DA:22,10
DA:24,10
DA:25,0
DA:26,0
DA:30,10
LF:20
LH:18
BRDA:22,0,0,10
BRDA:22,0,1,10
BRDA:24,1,0,0
BRDA:24,1,1,10
BRF:4
BRH:3
end_of_record
TN:
SF:mail.js
FNF:0
FNH:0
DA:1,10
DA:3,10
DA:13,10
DA:31,10
LF:4
LH:4
BRF:0
BRH:0
end_of_record
TN:
SF:controllers\authController.js
FN:12,(anonymous_0)
FN:107,(anonymous_1)
FN:124,(anonymous_2)
FNF:3
FNH:2
FNDA:6,(anonymous_0)
FNDA:0,(anonymous_1)
FNDA:6,(anonymous_2)
DA:1,10
DA:2,10
DA:3,10
DA:6,10
DA:7,10
DA:10,10
DA:12,10
DA:13,6
DA:15,6
DA:16,3
DA:21,3
DA:22,3
DA:23,3
DA:24,1
DA:27,2
DA:28,2
DA:29,1
DA:33,1
DA:35,1
DA:37,1
DA:45,1
DA:46,1
DA:48,1
DA:77,1
DA:78,1
DA:80,1
DA:90,0
DA:91,0
DA:93,0
DA:103,0
DA:104,0
DA:107,10
DA:108,0
DA:110,0
DA:112,0
DA:113,0
DA:116,0
DA:118,0
DA:120,0
DA:124,10
DA:125,6
DA:128,6
DA:129,1
DA:135,5
DA:136,5
DA:137,1
DA:140,4
DA:141,0
DA:145,4
DA:146,4
DA:147,0
DA:150,4
DA:152,4
DA:154,4
DA:157,4
DA:169,10
LF:56
LH:42
BRDA:15,0,0,3
BRDA:15,0,1,3
BRDA:15,1,0,6
BRDA:15,1,1,4
BRDA:15,1,2,4
BRDA:23,2,0,1
BRDA:23,2,1,2
BRDA:28,3,0,1
BRDA:28,3,1,1
BRDA:45,4,0,1
BRDA:45,4,1,0
BRDA:45,5,0,1
BRDA:45,5,1,1
BRDA:112,6,0,0
BRDA:112,6,1,0
BRDA:128,7,0,1
BRDA:128,7,1,5
BRDA:128,8,0,6
BRDA:128,8,1,5
BRDA:136,9,0,1
BRDA:136,9,1,4
BRDA:140,10,0,0
BRDA:140,10,1,4
BRDA:146,11,0,0
BRDA:146,11,1,4
BRF:25
BRH:20
end_of_record
TN:
SF:controllers\notesController.js
FN:4,(anonymous_0)
FN:36,(anonymous_1)
FN:70,(anonymous_2)
FN:89,(anonymous_3)
FN:95,(anonymous_4)
FN:113,(anonymous_5)
FN:132,(anonymous_6)
FN:150,(anonymous_7)
FNF:8
FNH:7
FNDA:6,(anonymous_0)
FNDA:5,(anonymous_1)
FNDA:3,(anonymous_2)
FNDA:2,(anonymous_3)
FNDA:6,(anonymous_4)
FNDA:3,(anonymous_5)
FNDA:3,(anonymous_6)
FNDA:0,(anonymous_7)
DA:1,11
DA:2,11
DA:4,11
DA:5,6
DA:6,6
DA:7,6
DA:9,6
DA:10,3
DA:14,3
DA:15,3
DA:21,3
DA:22,1
DA:23,1
DA:26,2
DA:27,2
DA:31,0
DA:32,0
DA:36,11
DA:37,5
DA:38,5
DA:39,5
DA:41,5
DA:42,2
DA:46,3
DA:47,3
DA:53,3
DA:54,1
DA:55,1
DA:57,2
DA:61,2
DA:65,0
DA:66,0
DA:70,11
DA:71,3
DA:72,3
DA:74,3
DA:75,3
DA:77,3
DA:78,1
DA:79,1
DA:81,2
DA:82,2
DA:84,0
DA:85,0
DA:89,11
DA:90,2
DA:92,2
DA:93,2
DA:95,6
DA:102,2
DA:106,2
DA:108,0
DA:109,0
DA:113,11
DA:114,3
DA:115,3
DA:116,3
DA:118,3
DA:124,3
DA:125,3
DA:127,0
DA:128,0
DA:132,11
DA:133,3
DA:134,3
DA:136,3
DA:137,3
DA:139,3
DA:140,3
DA:145,0
DA:146,0
DA:150,11
DA:151,0
DA:158,0
DA:160,0
DA:162,0
DA:163,0
DA:171,0
DA:173,0
DA:180,0
DA:185,11
LF:81
LH:61
BRDA:9,0,0,3
BRDA:9,0,1,3
BRDA:21,1,0,1
BRDA:21,1,1,2
BRDA:41,2,0,2
BRDA:41,2,1,3
BRDA:53,3,0,1
BRDA:53,3,1,2
BRDA:77,4,0,1
BRDA:77,4,1,2
BRDA:153,5,0,0
BRDA:154,6,0,0
BRDA:155,7,0,0
BRDA:156,8,0,0
BRDA:157,9,0,0
BRF:15
BRH:10
end_of_record
TN:
SF:controllers\profileController.js
FN:5,(anonymous_0)
FN:21,(anonymous_1)
FN:43,(anonymous_2)
FN:72,(anonymous_3)
FNF:4
FNH:1
FNDA:3,(anonymous_0)
FNDA:0,(anonymous_1)
FNDA:0,(anonymous_2)
FNDA:0,(anonymous_3)
DA:1,11
DA:2,11
DA:3,11
DA:5,11
DA:6,3
DA:7,3
DA:8,3
DA:9,2
DA:10,1
DA:11,1
DA:13,1
DA:14,1
DA:16,1
DA:17,1
DA:21,11
DA:22,0
DA:23,0
DA:25,0
DA:26,0
DA:29,0
DA:30,0
DA:31,0
DA:32,0
DA:34,0
DA:35,0
DA:36,0
DA:38,0
DA:39,0
DA:43,11
DA:44,0
DA:45,0
DA:47,0
DA:48,0
DA:50,0
DA:51,0
DA:54,0
DA:55,0
DA:56,0
DA:58,0
DA:59,0
DA:61,0
DA:62,0
DA:64,0
DA:65,0
DA:67,0
DA:68,0
DA:72,11
DA:73,0
DA:74,0
DA:76,0
DA:77,0
DA:81,0
DA:82,0
DA:85,0
DA:86,0
DA:87,0
DA:88,0
DA:90,0
DA:91,0
DA:95,11
LF:60
LH:18
BRDA:9,0,0,1
BRDA:9,0,1,1
BRDA:25,1,0,0
BRDA:25,1,1,0
BRDA:25,2,0,0
BRDA:25,2,1,0
BRDA:31,3,0,0
BRDA:31,3,1,0
BRDA:47,4,0,0
BRDA:47,4,1,0
BRDA:47,5,0,0
BRDA:47,5,1,0
BRDA:50,6,0,0
BRDA:50,6,1,0
BRDA:56,7,0,0
BRDA:56,7,1,0
BRDA:59,8,0,0
BRDA:59,8,1,0
BRDA:76,9,0,0
BRDA:76,9,1,0
BRDA:81,10,0,0
BRDA:81,10,1,0
BRF:22
BRH:2
end_of_record
TN:
SF:controllers\taskController.js
FN:4,(anonymous_0)
FN:15,(anonymous_1)
FN:31,(anonymous_2)
FN:46,(anonymous_3)
FNF:4
FNH:4
FNDA:1,(anonymous_0)
FNDA:4,(anonymous_1)
FNDA:3,(anonymous_2)
FNDA:2,(anonymous_3)
DA:1,10
DA:2,10
DA:4,10
DA:5,1
DA:6,1
DA:7,1
DA:8,1
DA:10,0
DA:11,0
DA:15,10
DA:16,4
DA:17,4
DA:18,4
DA:19,3
DA:21,1
DA:22,1
DA:23,1
DA:24,1
DA:26,0
DA:27,0
DA:31,10
DA:32,3
DA:33,3
DA:34,3
DA:35,3
DA:36,3
DA:37,3
DA:38,2
DA:39,2
DA:41,0
DA:42,0
DA:46,10
DA:47,2
DA:48,2
DA:49,2
DA:50,2
DA:51,2
DA:52,1
DA:53,1
DA:55,0
DA:56,0
DA:60,10
LF:42
LH:34
BRDA:18,0,0,3
BRDA:18,0,1,1
BRDA:18,1,0,4
BRDA:18,1,1,2
BRDA:37,2,0,1
BRDA:37,2,1,2
BRDA:51,3,0,1
BRDA:51,3,1,1
BRF:8
BRH:8
end_of_record
TN:
SF:middlewares\verifyToken.js
FN:4,verifyToken
FNF:1
FNH:1
FNDA:37,verifyToken
DA:1,11
DA:2,11
DA:5,37
DA:6,37
DA:8,37
DA:9,10
DA:15,10
DA:18,27
DA:19,27
DA:20,25
DA:23,25
DA:29,25
DA:31,2
DA:38,2
DA:42,11
LF:15
LH:15
BRDA:6,0,0,37
BRDA:6,0,1,27
BRDA:8,1,0,10
BRDA:8,1,1,27
BRF:4
BRH:4
end_of_record
TN:
SF:models\notesModel.js
FN:4,(anonymous_0)
FN:13,(anonymous_1)
FN:21,(anonymous_2)
FN:26,(anonymous_3)
FN:34,(anonymous_4)
FN:42,(anonymous_5)
FN:50,(anonymous_6)
FN:58,(anonymous_7)
FN:66,(anonymous_8)
FN:97,(anonymous_9)
FNF:10
FNH:6
FNDA:0,(anonymous_0)
FNDA:1,(anonymous_1)
FNDA:0,(anonymous_2)
FNDA:2,(anonymous_3)
FNDA:2,(anonymous_4)
FNDA:1,(anonymous_5)
FNDA:2,(anonymous_6)
FNDA:2,(anonymous_7)
FNDA:0,(anonymous_8)
FNDA:0,(anonymous_9)
DA:1,11
DA:4,11
DA:5,0
DA:9,0
DA:13,11
DA:14,1
DA:18,1
DA:21,11
DA:22,0
DA:23,0
DA:26,11
DA:27,2
DA:31,2
DA:34,11
DA:35,2
DA:39,2
DA:42,11
DA:43,1
DA:47,1
DA:50,11
DA:51,2
DA:55,2
DA:58,11
DA:59,2
DA:63,2
DA:66,11
DA:76,0
DA:77,0
DA:80,0
DA:81,0
DA:83,0
DA:92,0
DA:93,0
DA:94,0
DA:97,11
DA:98,0
DA:102,0
DA:103,0
DA:104,0
DA:116,11
LF:40
LH:24
BRDA:69,0,0,0
BRDA:70,1,0,0
BRDA:71,2,0,0
BRDA:72,3,0,0
BRDA:73,4,0,0
BRDA:80,5,0,0
BRDA:80,5,1,0
BRDA:81,6,0,0
BRDA:81,6,1,0
BRDA:97,7,0,0
BRF:10
BRH:0
end_of_record
TN:
SF:models\taskModel.js
FN:3,(anonymous_0)
FN:13,(anonymous_1)
FN:23,(anonymous_2)
FN:40,(anonymous_3)
FNF:4
FNH:4
FNDA:1,(anonymous_0)
FNDA:1,(anonymous_1)
FNDA:3,(anonymous_2)
FNDA:2,(anonymous_3)
DA:1,10
DA:3,10
DA:4,1
DA:10,1
DA:13,10
DA:14,1
DA:20,1
DA:23,10
DA:24,3
DA:25,3
DA:37,3
DA:40,10
DA:41,2
DA:45,2
DA:48,10
LF:15
LH:15
BRDA:18,0,0,1
BRDA:18,0,1,0
BRDA:18,1,0,1
BRDA:18,1,1,0
BRDA:18,2,0,1
BRDA:18,2,1,1
BRF:6
BRH:4
end_of_record
TN:
SF:models\userModel.js
FN:3,(anonymous_0)
FN:11,(anonymous_1)
FN:19,(anonymous_2)
FN:27,(anonymous_3)
FN:35,(anonymous_4)
FN:45,(anonymous_5)
FN:53,(anonymous_6)
FN:60,(anonymous_7)
FN:67,(anonymous_8)
FN:75,(anonymous_9)
FN:82,(anonymous_10)
FN:90,(anonymous_11)
FNF:12
FNH:2
FNDA:0,(anonymous_0)
FNDA:0,(anonymous_1)
FNDA:0,(anonymous_2)
FNDA:5,(anonymous_3)
FNDA:0,(anonymous_4)
FNDA:0,(anonymous_5)
FNDA:0,(anonymous_6)
FNDA:4,(anonymous_7)
FNDA:0,(anonymous_8)
FNDA:0,(anonymous_9)
FNDA:0,(anonymous_10)
FNDA:0,(anonymous_11)
DA:1,11
DA:3,11
DA:4,0
DA:8,0
DA:11,11
DA:12,0
DA:16,0
DA:19,11
DA:20,0
DA:24,0
DA:27,11
DA:28,5
DA:32,5
DA:35,11
DA:36,0
DA:42,0
DA:45,11
DA:46,0
DA:50,0
DA:53,11
DA:54,0
DA:60,11
DA:61,4
DA:67,11
DA:68,0
DA:72,0
DA:75,11
DA:76,0
DA:82,11
DA:83,0
DA:87,0
DA:90,11
DA:91,0
DA:95,0
DA:98,11
LF:35
LH:17
BRF:0
BRH:0
end_of_record
TN:
SF:routes\auth.js
FNF:0
FNH:0
DA:1,10
DA:2,10
DA:3,10
DA:6,10
DA:8,10
DA:10,10
DA:12,10
LF:7
LH:7
BRF:0
BRH:0
end_of_record
TN:
SF:routes\notes.js
FNF:0
FNH:0
DA:1,10
DA:2,10
DA:3,10
DA:4,10
DA:7,10
DA:9,10
DA:11,10
DA:13,10
DA:15,10
DA:17,10
DA:19,10
DA:21,10
LF:12
LH:12
BRF:0
BRH:0
end_of_record
TN:
SF:routes\profile.js
FNF:0
FNH:0
DA:1,10
DA:2,10
DA:3,10
DA:4,10
DA:6,10
DA:7,10
DA:8,10
DA:9,10
DA:11,10
LF:9
LH:9
BRF:0
BRH:0
end_of_record
TN:
SF:routes\tasks.js
FNF:0
FNH:0
DA:1,10
DA:2,10
DA:3,10
DA:4,10
DA:6,10
DA:7,10
DA:8,10
DA:9,10
DA:11,10
LF:9
LH:9
BRF:0
BRH:0
end_of_record
TN:
SF:tests-team\helpers.js
FN:4,getAuthToken
FNF:1
FNH:1
FNDA:4,getAuthToken
DA:1,4
DA:2,4
DA:6,4
DA:13,4
DA:14,4
DA:15,4
DA:16,4
DA:18,4
DA:19,0
DA:24,4
DA:27,4
LF:11
LH:10
BRDA:18,0,0,0
BRDA:18,0,1,4
BRF:2
BRH:1
end_of_record
TN:
SF:utils\jwt.js
FN:4,generateToken
FNF:1
FNH:1
FNDA:4,generateToken
DA:2,10
DA:5,4
DA:12,10
LF:3
LH:3
BRDA:8,0,0,4
BRDA:8,0,1,0
BRF:2
BRH:1
end_of_record
TN:
SF:utils\logger.js
FNF:0
FNH:0
DA:2,14
DA:4,14
DA:15,14
LF:3
LH:3
BRF:0
BRH:0
end_of_record
